{
  "stats": {
    "suites": 15,
    "tests": 15,
    "passes": 14,
    "pending": 0,
    "failures": 1,
    "start": "2025-12-02T01:10:43.859Z",
    "end": "2025-12-02T01:12:42.414Z",
    "duration": 118555,
    "testsRegistered": 15,
    "passPercent": 93.33333333333333,
    "pendingPercent": 0,
    "other": 0,
    "hasOther": false,
    "skipped": 0,
    "hasSkipped": false
  },
  "results": [
    {
      "uuid": "0f9fe6fa-280d-4acd-92cf-ef25bb5c5eb1",
      "title": "",
      "fullFile": "",
      "file": "",
      "beforeHooks": [],
      "afterHooks": [],
      "tests": [],
      "suites": [
        {
          "uuid": "68b3db51-66cb-47a6-a5fe-89ef4c25ffa6",
          "title": "Login - Prueba de Límites",
          "fullFile": "C:\\Users\\nicol\\OneDrive\\Documentos\\GitHub\\Tarea-04_P03\\test\\HU01\\login-limit.test.js",
          "file": "\\test\\HU01\\login-limit.test.js",
          "beforeHooks": [
            {
              "title": "\"before all\" hook in \"Login - Prueba de Límites\"",
              "fullTitle": "Login - Prueba de Límites \"before all\" hook in \"Login - Prueba de Límites\"",
              "timedOut": false,
              "duration": 6300,
              "state": null,
              "speed": null,
              "pass": false,
              "fail": false,
              "pending": false,
              "context": null,
              "code": "driver = await new Builder().forBrowser(\"chrome\").build();",
              "err": {},
              "uuid": "dfe3ac28-8dfb-4646-a4dc-aced0c4fba57",
              "parentUUID": "68b3db51-66cb-47a6-a5fe-89ef4c25ffa6",
              "isHook": true,
              "skipped": false
            }
          ],
          "afterHooks": [
            {
              "title": "\"after all\" hook in \"Login - Prueba de Límites\"",
              "fullTitle": "Login - Prueba de Límites \"after all\" hook in \"Login - Prueba de Límites\"",
              "timedOut": false,
              "duration": 236,
              "state": null,
              "speed": null,
              "pass": false,
              "fail": false,
              "pending": false,
              "context": null,
              "code": "await driver.quit();",
              "err": {},
              "uuid": "9ed46b2d-5242-4bbd-95bb-ad58addab848",
              "parentUUID": "68b3db51-66cb-47a6-a5fe-89ef4c25ffa6",
              "isHook": true,
              "skipped": false
            },
            {
              "title": "\"after each\" hook in \"Login - Prueba de Límites\"",
              "fullTitle": "Login - Prueba de Límites \"after each\" hook in \"Login - Prueba de Límites\"",
              "timedOut": false,
              "duration": 421,
              "state": null,
              "speed": null,
              "pass": false,
              "fail": false,
              "pending": false,
              "context": null,
              "code": "const testName = this.currentTest.title.replace(/\\s+/g, \"_\");\nconst screenshot = await driver.takeScreenshot();\nfs.writeFileSync(`snapshots/${testName}.png`, screenshot, \"base64\");",
              "err": {},
              "uuid": "224265dc-3fcd-44d3-a25d-001b2d30b9e9",
              "parentUUID": "68b3db51-66cb-47a6-a5fe-89ef4c25ffa6",
              "isHook": true,
              "skipped": false
            }
          ],
          "tests": [
            {
              "title": "Debe impedir el login si los campos están vacíos",
              "fullTitle": "Login - Prueba de Límites Debe impedir el login si los campos están vacíos",
              "timedOut": false,
              "duration": 654,
              "state": "passed",
              "speed": "slow",
              "pass": true,
              "fail": false,
              "pending": false,
              "context": null,
              "code": "await driver.get(\"file:///C:/Users/nicol/OneDrive%20-%20Instituto%20Tecnológico%20de%20Las%20Américas%20(ITLA)/Universidad/UniversidadC3-2025/P03/Tarea%2304/views/login.html\");\nawait driver.findElement(By.id(\"username\")).clear();\nawait driver.findElement(By.id(\"password\")).clear();\nawait driver.findElement(By.css(\"button\")).click();\nconst errorMsg = await driver.findElement(By.id(\"loginError\")).getText();\nassert.equal(errorMsg, \"Usuario o contraseña incorrectos\");",
              "err": {},
              "uuid": "18a72161-3be8-41c6-9229-71423b6d78cf",
              "parentUUID": "68b3db51-66cb-47a6-a5fe-89ef4c25ffa6",
              "isHook": false,
              "skipped": false
            }
          ],
          "suites": [],
          "passes": [
            "18a72161-3be8-41c6-9229-71423b6d78cf"
          ],
          "failures": [],
          "pending": [],
          "skipped": [],
          "duration": 654,
          "root": false,
          "rootEmpty": false,
          "_timeout": 30000
        },
        {
          "uuid": "b19556c9-cb68-4f83-893d-9da1eb24aaf6",
          "title": "Login - Prueba Negativa",
          "fullFile": "C:\\Users\\nicol\\OneDrive\\Documentos\\GitHub\\Tarea-04_P03\\test\\HU01\\login-negative.test.js",
          "file": "\\test\\HU01\\login-negative.test.js",
          "beforeHooks": [
            {
              "title": "\"before all\" hook in \"Login - Prueba Negativa\"",
              "fullTitle": "Login - Prueba Negativa \"before all\" hook in \"Login - Prueba Negativa\"",
              "timedOut": false,
              "duration": 1283,
              "state": null,
              "speed": null,
              "pass": false,
              "fail": false,
              "pending": false,
              "context": null,
              "code": "driver = await new Builder().forBrowser(\"chrome\").build();",
              "err": {},
              "uuid": "8af67986-f8ce-42d7-ad15-db059d586285",
              "parentUUID": "b19556c9-cb68-4f83-893d-9da1eb24aaf6",
              "isHook": true,
              "skipped": false
            }
          ],
          "afterHooks": [
            {
              "title": "\"after all\" hook in \"Login - Prueba Negativa\"",
              "fullTitle": "Login - Prueba Negativa \"after all\" hook in \"Login - Prueba Negativa\"",
              "timedOut": false,
              "duration": 134,
              "state": null,
              "speed": null,
              "pass": false,
              "fail": false,
              "pending": false,
              "context": null,
              "code": "await driver.quit();",
              "err": {},
              "uuid": "8b573cf0-c149-4d8e-88ff-78b969331b48",
              "parentUUID": "b19556c9-cb68-4f83-893d-9da1eb24aaf6",
              "isHook": true,
              "skipped": false
            },
            {
              "title": "\"after each\" hook in \"Login - Prueba Negativa\"",
              "fullTitle": "Login - Prueba Negativa \"after each\" hook in \"Login - Prueba Negativa\"",
              "timedOut": false,
              "duration": 464,
              "state": null,
              "speed": null,
              "pass": false,
              "fail": false,
              "pending": false,
              "context": null,
              "code": "const testName = this.currentTest.title.replace(/\\s+/g, \"_\");\nconst screenshot = await driver.takeScreenshot();\nfs.writeFileSync(`snapshots/${testName}.png`, screenshot, \"base64\");",
              "err": {},
              "uuid": "76d8fd68-d2eb-4cbd-b9d3-61fd3b5535c3",
              "parentUUID": "b19556c9-cb68-4f83-893d-9da1eb24aaf6",
              "isHook": true,
              "skipped": false
            }
          ],
          "tests": [
            {
              "title": "Debe mostrar mensaje de error si las credenciales son incorrectas",
              "fullTitle": "Login - Prueba Negativa Debe mostrar mensaje de error si las credenciales son incorrectas",
              "timedOut": false,
              "duration": 733,
              "state": "passed",
              "speed": "slow",
              "pass": true,
              "fail": false,
              "pending": false,
              "context": null,
              "code": "await driver.get(\"file:///C:/Users/nicol/OneDrive%20-%20Instituto%20Tecnológico%20de%20Las%20Américas%20(ITLA)/Universidad/UniversidadC3-2025/P03/Tarea%2304/views/login.html\");\nawait driver.findElement(By.id(\"username\")).sendKeys(\"fakeUser\");\nawait driver.findElement(By.id(\"password\")).sendKeys(\"wrongPass\");\nawait driver.findElement(By.css(\"button\")).click();\nconst errorMsg = await driver.findElement(By.id(\"loginError\")).getText();\nassert.equal(errorMsg, \"Usuario o contraseña incorrectos\");",
              "err": {},
              "uuid": "0507ec19-70b0-4791-91ac-9b795aa99699",
              "parentUUID": "b19556c9-cb68-4f83-893d-9da1eb24aaf6",
              "isHook": false,
              "skipped": false
            }
          ],
          "suites": [],
          "passes": [
            "0507ec19-70b0-4791-91ac-9b795aa99699"
          ],
          "failures": [],
          "pending": [],
          "skipped": [],
          "duration": 733,
          "root": false,
          "rootEmpty": false,
          "_timeout": 30000
        },
        {
          "uuid": "6ab57bfc-a21e-4b1c-a81f-04ff3e479e82",
          "title": "Login - Camino Feliz",
          "fullFile": "C:\\Users\\nicol\\OneDrive\\Documentos\\GitHub\\Tarea-04_P03\\test\\HU01\\login-succes.test.js",
          "file": "\\test\\HU01\\login-succes.test.js",
          "beforeHooks": [
            {
              "title": "\"before all\" hook in \"Login - Camino Feliz\"",
              "fullTitle": "Login - Camino Feliz \"before all\" hook in \"Login - Camino Feliz\"",
              "timedOut": false,
              "duration": 1399,
              "state": null,
              "speed": null,
              "pass": false,
              "fail": false,
              "pending": false,
              "context": null,
              "code": "driver = await new Builder().forBrowser(\"chrome\").build();",
              "err": {},
              "uuid": "eb064141-ac5e-4986-b7f3-bbe364adcf6e",
              "parentUUID": "6ab57bfc-a21e-4b1c-a81f-04ff3e479e82",
              "isHook": true,
              "skipped": false
            }
          ],
          "afterHooks": [
            {
              "title": "\"after all\" hook in \"Login - Camino Feliz\"",
              "fullTitle": "Login - Camino Feliz \"after all\" hook in \"Login - Camino Feliz\"",
              "timedOut": false,
              "duration": 189,
              "state": null,
              "speed": null,
              "pass": false,
              "fail": false,
              "pending": false,
              "context": null,
              "code": "await driver.quit();",
              "err": {},
              "uuid": "1072ff83-3c67-4af4-93fe-7a7752a59903",
              "parentUUID": "6ab57bfc-a21e-4b1c-a81f-04ff3e479e82",
              "isHook": true,
              "skipped": false
            },
            {
              "title": "\"after each\" hook in \"Login - Camino Feliz\"",
              "fullTitle": "Login - Camino Feliz \"after each\" hook in \"Login - Camino Feliz\"",
              "timedOut": false,
              "duration": 278,
              "state": null,
              "speed": null,
              "pass": false,
              "fail": false,
              "pending": false,
              "context": null,
              "code": "const testName = this.currentTest.title.replace(/\\s+/g, \"_\");\nconst screenshot = await driver.takeScreenshot();\nif (!fs.existsSync(\"snapshots\")) {\n    fs.mkdirSync(\"snapshots\");\n}\nfs.writeFileSync(`snapshots/${testName}.png`, screenshot, \"base64\");",
              "err": {},
              "uuid": "34385059-2c74-4e6d-ad46-2b6465709bdb",
              "parentUUID": "6ab57bfc-a21e-4b1c-a81f-04ff3e479e82",
              "isHook": true,
              "skipped": false
            }
          ],
          "tests": [
            {
              "title": "Debe iniciar sesión correctamente con admin1234",
              "fullTitle": "Login - Camino Feliz Debe iniciar sesión correctamente con admin1234",
              "timedOut": false,
              "duration": 851,
              "state": "passed",
              "speed": "slow",
              "pass": true,
              "fail": false,
              "pending": false,
              "context": null,
              "code": "await driver.get(\"file:///C:/Users/nicol/OneDrive%20-%20Instituto%20Tecnológico%20de%20Las%20Américas%20(ITLA)/Universidad/UniversidadC3-2025/P03/Tarea%2304/views/login.html\");\nawait driver.findElement(By.id(\"username\")).sendKeys(\"admin\");\nawait driver.findElement(By.id(\"password\")).sendKeys(\"1234\");\nawait driver.findElement(By.css(\"button\")).click();\nawait driver.wait(until.urlContains(\"index.html\"), 5500);\nconst url = await driver.getCurrentUrl();\nassert.ok(url.includes(\"index.html\"));",
              "err": {},
              "uuid": "ef573136-6de9-42ff-9105-a6cb584c280e",
              "parentUUID": "6ab57bfc-a21e-4b1c-a81f-04ff3e479e82",
              "isHook": false,
              "skipped": false
            }
          ],
          "suites": [],
          "passes": [
            "ef573136-6de9-42ff-9105-a6cb584c280e"
          ],
          "failures": [],
          "pending": [],
          "skipped": [],
          "duration": 851,
          "root": false,
          "rootEmpty": false,
          "_timeout": 30000
        },
        {
          "uuid": "cd41ca60-8cf0-4079-9462-25d550d76cc0",
          "title": "Crear nota de texto - Prueba de Límites",
          "fullFile": "C:\\Users\\nicol\\OneDrive\\Documentos\\GitHub\\Tarea-04_P03\\test\\HU02\\create-limit.test.js",
          "file": "\\test\\HU02\\create-limit.test.js",
          "beforeHooks": [
            {
              "title": "\"before all\" hook in \"Crear nota de texto - Prueba de Límites\"",
              "fullTitle": "Crear nota de texto - Prueba de Límites \"before all\" hook in \"Crear nota de texto - Prueba de Límites\"",
              "timedOut": false,
              "duration": 2037,
              "state": null,
              "speed": null,
              "pass": false,
              "fail": false,
              "pending": false,
              "context": null,
              "code": "driver = await new Builder().forBrowser(\"chrome\").build();\nawait driver.get(\"file:///C:/Users/nicol/OneDrive%20-%20Instituto%20Tecnológico%20de%20Las%20Américas%20(ITLA)/Universidad/UniversidadC3-2025/P03/Tarea%2304/views/login.html\");\nawait driver.findElement(By.id(\"username\")).sendKeys(\"admin\");\nawait driver.findElement(By.id(\"password\")).sendKeys(\"1234\");\nawait driver.findElement(By.css(\"button\")).click();",
              "err": {},
              "uuid": "2bae92ef-335c-4194-96d6-67c27655022d",
              "parentUUID": "cd41ca60-8cf0-4079-9462-25d550d76cc0",
              "isHook": true,
              "skipped": false
            }
          ],
          "afterHooks": [
            {
              "title": "\"after all\" hook in \"Crear nota de texto - Prueba de Límites\"",
              "fullTitle": "Crear nota de texto - Prueba de Límites \"after all\" hook in \"Crear nota de texto - Prueba de Límites\"",
              "timedOut": false,
              "duration": 124,
              "state": null,
              "speed": null,
              "pass": false,
              "fail": false,
              "pending": false,
              "context": null,
              "code": "await driver.quit()",
              "err": {},
              "uuid": "1823f1f9-e3b1-46be-92a2-ab7883345c11",
              "parentUUID": "cd41ca60-8cf0-4079-9462-25d550d76cc0",
              "isHook": true,
              "skipped": false
            },
            {
              "title": "\"after each\" hook in \"Crear nota de texto - Prueba de Límites\"",
              "fullTitle": "Crear nota de texto - Prueba de Límites \"after each\" hook in \"Crear nota de texto - Prueba de Límites\"",
              "timedOut": false,
              "duration": 297,
              "state": null,
              "speed": null,
              "pass": false,
              "fail": false,
              "pending": false,
              "context": null,
              "code": "const testName = this.currentTest.title.replace(/\\s+/g, \"_\");\nconst screenshot = await driver.takeScreenshot();\nfs.writeFileSync(`snapshots/${testName}.png`, screenshot, \"base64\");",
              "err": {},
              "uuid": "26c913c7-1551-4800-aa64-101448141a08",
              "parentUUID": "cd41ca60-8cf0-4079-9462-25d550d76cc0",
              "isHook": true,
              "skipped": false
            }
          ],
          "tests": [
            {
              "title": "Debe permitir guardar una nota con texto muy largo",
              "fullTitle": "Crear nota de texto - Prueba de Límites Debe permitir guardar una nota con texto muy largo",
              "timedOut": false,
              "duration": 45915,
              "state": "passed",
              "speed": "slow",
              "pass": true,
              "fail": false,
              "pending": false,
              "context": null,
              "code": "const largo = \"Hola, \".repeat(1000);\nawait driver.findElement(By.id(\"noteContent\")).sendKeys(largo);\nawait driver.findElement(By.id(\"saveBtnText\")).click();\nconst count = await driver.findElement(By.id(\"notesCount\")).getText();\nassert.ok(parseInt(count) >= 1);",
              "err": {},
              "uuid": "a2bec61c-96ec-4f29-a5a5-bca635735501",
              "parentUUID": "cd41ca60-8cf0-4079-9462-25d550d76cc0",
              "isHook": false,
              "skipped": false
            }
          ],
          "suites": [],
          "passes": [
            "a2bec61c-96ec-4f29-a5a5-bca635735501"
          ],
          "failures": [],
          "pending": [],
          "skipped": [],
          "duration": 45915,
          "root": false,
          "rootEmpty": false,
          "_timeout": 60000
        },
        {
          "uuid": "35b5e968-e863-418a-a1c8-960123cd71e9",
          "title": "Crear nota de texto - Negativa",
          "fullFile": "C:\\Users\\nicol\\OneDrive\\Documentos\\GitHub\\Tarea-04_P03\\test\\HU02\\create-negative.test.js",
          "file": "\\test\\HU02\\create-negative.test.js",
          "beforeHooks": [
            {
              "title": "\"before all\" hook in \"Crear nota de texto - Negativa\"",
              "fullTitle": "Crear nota de texto - Negativa \"before all\" hook in \"Crear nota de texto - Negativa\"",
              "timedOut": false,
              "duration": 2177,
              "state": null,
              "speed": null,
              "pass": false,
              "fail": false,
              "pending": false,
              "context": null,
              "code": "driver = await new Builder().forBrowser(\"chrome\").build();\nawait driver.get(\"file:///C:/Users/nicol/OneDrive%20-%20Instituto%20Tecnológico%20de%20Las%20Américas%20(ITLA)/Universidad/UniversidadC3-2025/P03/Tarea%2304/views/login.html\");\nawait driver.findElement(By.id(\"username\")).sendKeys(\"admin\");\nawait driver.findElement(By.id(\"password\")).sendKeys(\"1234\");\nawait driver.findElement(By.css(\"button\")).click();",
              "err": {},
              "uuid": "c949d6d2-39d5-4533-bca9-9bb5c1060c82",
              "parentUUID": "35b5e968-e863-418a-a1c8-960123cd71e9",
              "isHook": true,
              "skipped": false
            }
          ],
          "afterHooks": [
            {
              "title": "\"after all\" hook in \"Crear nota de texto - Negativa\"",
              "fullTitle": "Crear nota de texto - Negativa \"after all\" hook in \"Crear nota de texto - Negativa\"",
              "timedOut": false,
              "duration": 132,
              "state": null,
              "speed": null,
              "pass": false,
              "fail": false,
              "pending": false,
              "context": null,
              "code": "await driver.quit()",
              "err": {},
              "uuid": "64ec8e0d-5a68-4587-ac18-10d0ce7fd65b",
              "parentUUID": "35b5e968-e863-418a-a1c8-960123cd71e9",
              "isHook": true,
              "skipped": false
            },
            {
              "title": "\"after each\" hook in \"Crear nota de texto - Negativa\"",
              "fullTitle": "Crear nota de texto - Negativa \"after each\" hook in \"Crear nota de texto - Negativa\"",
              "timedOut": false,
              "duration": 415,
              "state": null,
              "speed": null,
              "pass": false,
              "fail": false,
              "pending": false,
              "context": null,
              "code": "const testName = this.currentTest.title.replace(/\\s+/g, \"_\");\nconst screenshot = await driver.takeScreenshot();\nfs.writeFileSync(`snapshots/${testName}.png`, screenshot, \"base64\");",
              "err": {},
              "uuid": "add0a25c-a124-4253-8635-ffe4cc82c07b",
              "parentUUID": "35b5e968-e863-418a-a1c8-960123cd71e9",
              "isHook": true,
              "skipped": false
            }
          ],
          "tests": [
            {
              "title": "Debe mostrar alerta si la nota está vacía",
              "fullTitle": "Crear nota de texto - Negativa Debe mostrar alerta si la nota está vacía",
              "timedOut": false,
              "duration": 164,
              "state": "passed",
              "speed": "slow",
              "pass": true,
              "fail": false,
              "pending": false,
              "context": null,
              "code": "await driver.findElement(By.id(\"saveBtnText\")).click();\nconst alert = await driver.switchTo().alert();\nconst msg = await alert.getText();\nawait alert.accept();\nif (msg !== \"La nota está vacía\") throw new Error(\"No mostró la alerta correcta\");",
              "err": {},
              "uuid": "42c2ac09-2eee-484d-b978-8b59adec031d",
              "parentUUID": "35b5e968-e863-418a-a1c8-960123cd71e9",
              "isHook": false,
              "skipped": false
            }
          ],
          "suites": [],
          "passes": [
            "42c2ac09-2eee-484d-b978-8b59adec031d"
          ],
          "failures": [],
          "pending": [],
          "skipped": [],
          "duration": 164,
          "root": false,
          "rootEmpty": false,
          "_timeout": 40000
        },
        {
          "uuid": "213649e1-6858-4f18-9e63-c5f9a9e7682f",
          "title": "Crear nota de texto - Camino Feliz",
          "fullFile": "C:\\Users\\nicol\\OneDrive\\Documentos\\GitHub\\Tarea-04_P03\\test\\HU02\\create-success.test.js",
          "file": "\\test\\HU02\\create-success.test.js",
          "beforeHooks": [
            {
              "title": "\"before all\" hook in \"Crear nota de texto - Camino Feliz\"",
              "fullTitle": "Crear nota de texto - Camino Feliz \"before all\" hook in \"Crear nota de texto - Camino Feliz\"",
              "timedOut": false,
              "duration": 2085,
              "state": null,
              "speed": null,
              "pass": false,
              "fail": false,
              "pending": false,
              "context": null,
              "code": "driver = await new Builder().forBrowser(\"chrome\").build();\nawait driver.get(\"file:///C:/Users/nicol/OneDrive%20-%20Instituto%20Tecnológico%20de%20Las%20Américas%20(ITLA)/Universidad/UniversidadC3-2025/P03/Tarea%2304/views/login.html\");\nawait driver.findElement(By.id(\"username\")).sendKeys(\"admin\");\nawait driver.findElement(By.id(\"password\")).sendKeys(\"1234\");\nawait driver.findElement(By.css(\"button\")).click();",
              "err": {},
              "uuid": "cdc34e76-25a2-4fbc-b563-b39be19309de",
              "parentUUID": "213649e1-6858-4f18-9e63-c5f9a9e7682f",
              "isHook": true,
              "skipped": false
            }
          ],
          "afterHooks": [
            {
              "title": "\"after all\" hook in \"Crear nota de texto - Camino Feliz\"",
              "fullTitle": "Crear nota de texto - Camino Feliz \"after all\" hook in \"Crear nota de texto - Camino Feliz\"",
              "timedOut": false,
              "duration": 207,
              "state": null,
              "speed": null,
              "pass": false,
              "fail": false,
              "pending": false,
              "context": null,
              "code": "await driver.quit()",
              "err": {},
              "uuid": "5b31b1b6-c833-4a09-b421-18fdd7f4c143",
              "parentUUID": "213649e1-6858-4f18-9e63-c5f9a9e7682f",
              "isHook": true,
              "skipped": false
            },
            {
              "title": "\"after each\" hook in \"Crear nota de texto - Camino Feliz\"",
              "fullTitle": "Crear nota de texto - Camino Feliz \"after each\" hook in \"Crear nota de texto - Camino Feliz\"",
              "timedOut": false,
              "duration": 343,
              "state": null,
              "speed": null,
              "pass": false,
              "fail": false,
              "pending": false,
              "context": null,
              "code": "const testName = this.currentTest.title.replace(/\\s+/g, \"_\");\nconst screenshot = await driver.takeScreenshot();\nfs.writeFileSync(`snapshots/${testName}.png`, screenshot, \"base64\");",
              "err": {},
              "uuid": "05681ebf-dd5b-4cad-a0c7-1566ea4f29e0",
              "parentUUID": "213649e1-6858-4f18-9e63-c5f9a9e7682f",
              "isHook": true,
              "skipped": false
            }
          ],
          "tests": [
            {
              "title": "Debe crear una nota de texto correctamente",
              "fullTitle": "Crear nota de texto - Camino Feliz Debe crear una nota de texto correctamente",
              "timedOut": false,
              "duration": 479,
              "state": "passed",
              "speed": "slow",
              "pass": true,
              "fail": false,
              "pending": false,
              "context": null,
              "code": "await driver.findElement(By.id(\"noteContent\")).sendKeys(\"Hola caracola!!!\");\nawait driver.findElement(By.id(\"saveBtnText\")).click();\nconst count = await driver.findElement(By.id(\"notesCount\")).getText();\nassert.equal(parseInt(count), 1);",
              "err": {},
              "uuid": "00eca50d-073e-4785-b822-c2006b7bf18e",
              "parentUUID": "213649e1-6858-4f18-9e63-c5f9a9e7682f",
              "isHook": false,
              "skipped": false
            }
          ],
          "suites": [],
          "passes": [
            "00eca50d-073e-4785-b822-c2006b7bf18e"
          ],
          "failures": [],
          "pending": [],
          "skipped": [],
          "duration": 479,
          "root": false,
          "rootEmpty": false,
          "_timeout": 40000
        },
        {
          "uuid": "c0cecd67-126f-4cfe-ae5c-17c16b6ab5a2",
          "title": "Crear nota lista - Prueba de Límites",
          "fullFile": "C:\\Users\\nicol\\OneDrive\\Documentos\\GitHub\\Tarea-04_P03\\test\\HU03\\create-list-limit.test.js",
          "file": "\\test\\HU03\\create-list-limit.test.js",
          "beforeHooks": [
            {
              "title": "\"before all\" hook in \"Crear nota lista - Prueba de Límites\"",
              "fullTitle": "Crear nota lista - Prueba de Límites \"before all\" hook in \"Crear nota lista - Prueba de Límites\"",
              "timedOut": false,
              "duration": 2110,
              "state": null,
              "speed": null,
              "pass": false,
              "fail": false,
              "pending": false,
              "context": null,
              "code": "driver = await new Builder().forBrowser(\"chrome\").build();\nawait driver.get(\"file:///C:/Users/nicol/OneDrive%20-%20Instituto%20Tecnológico%20de%20Las%20Américas%20(ITLA)/Universidad/UniversidadC3-2025/P03/Tarea%2304/views/login.html\");\nawait driver.findElement(By.id(\"username\")).sendKeys(\"admin\");\nawait driver.findElement(By.id(\"password\")).sendKeys(\"1234\");\nawait driver.findElement(By.css(\"button\")).click();",
              "err": {},
              "uuid": "d63987a0-1368-4189-b4ad-c796dc52827a",
              "parentUUID": "c0cecd67-126f-4cfe-ae5c-17c16b6ab5a2",
              "isHook": true,
              "skipped": false
            }
          ],
          "afterHooks": [
            {
              "title": "\"after all\" hook in \"Crear nota lista - Prueba de Límites\"",
              "fullTitle": "Crear nota lista - Prueba de Límites \"after all\" hook in \"Crear nota lista - Prueba de Límites\"",
              "timedOut": false,
              "duration": 237,
              "state": null,
              "speed": null,
              "pass": false,
              "fail": false,
              "pending": false,
              "context": null,
              "code": "await driver.quit()",
              "err": {},
              "uuid": "5a666c79-0066-4fbe-a2da-ef4c8a30bf40",
              "parentUUID": "c0cecd67-126f-4cfe-ae5c-17c16b6ab5a2",
              "isHook": true,
              "skipped": false
            },
            {
              "title": "\"after each\" hook in \"Crear nota lista - Prueba de Límites\"",
              "fullTitle": "Crear nota lista - Prueba de Límites \"after each\" hook in \"Crear nota lista - Prueba de Límites\"",
              "timedOut": false,
              "duration": 290,
              "state": null,
              "speed": null,
              "pass": false,
              "fail": false,
              "pending": false,
              "context": null,
              "code": "const testName = this.currentTest.title.replace(/\\s+/g, \"_\");\nconst screenshot = await driver.takeScreenshot();\nfs.writeFileSync(`snapshots/${testName}.png`, screenshot, \"base64\");",
              "err": {},
              "uuid": "e454b17a-0c39-40cf-9bb0-7fb9abf8376e",
              "parentUUID": "c0cecd67-126f-4cfe-ae5c-17c16b6ab5a2",
              "isHook": true,
              "skipped": false
            }
          ],
          "tests": [
            {
              "title": "Debe permitir crear lista con muchas tareas",
              "fullTitle": "Crear nota lista - Prueba de Límites Debe permitir crear lista con muchas tareas",
              "timedOut": false,
              "duration": 4361,
              "state": "passed",
              "speed": "slow",
              "pass": true,
              "fail": false,
              "pending": false,
              "context": null,
              "code": "await driver.findElement(By.id(\"listTypeBtn\")).click();\nfor (let i = 1; i <= 10; i++) {\n    await driver.findElement(By.css(\".list-item-input\")).sendKeys(`Cosa ${i}`);\n    await driver.findElement(By.css(\".add-item-btn\")).click();\n}\nawait driver.findElement(By.id(\"saveBtnText\")).click();\nconst count = await driver.findElement(By.id(\"notesCount\")).getText();\nassert.ok(parseInt(count) >= 1);",
              "err": {},
              "uuid": "ca089c52-1dbe-4445-89c9-6ff30bf63500",
              "parentUUID": "c0cecd67-126f-4cfe-ae5c-17c16b6ab5a2",
              "isHook": false,
              "skipped": false
            }
          ],
          "suites": [],
          "passes": [
            "ca089c52-1dbe-4445-89c9-6ff30bf63500"
          ],
          "failures": [],
          "pending": [],
          "skipped": [],
          "duration": 4361,
          "root": false,
          "rootEmpty": false,
          "_timeout": 40000
        },
        {
          "uuid": "26323c53-6200-4e29-ba54-bf6c8274212f",
          "title": "Crear nota lista - Negativa",
          "fullFile": "C:\\Users\\nicol\\OneDrive\\Documentos\\GitHub\\Tarea-04_P03\\test\\HU03\\create-list-negativ.test.js",
          "file": "\\test\\HU03\\create-list-negativ.test.js",
          "beforeHooks": [
            {
              "title": "\"before all\" hook in \"Crear nota lista - Negativa\"",
              "fullTitle": "Crear nota lista - Negativa \"before all\" hook in \"Crear nota lista - Negativa\"",
              "timedOut": false,
              "duration": 1991,
              "state": null,
              "speed": null,
              "pass": false,
              "fail": false,
              "pending": false,
              "context": null,
              "code": "driver = await new Builder().forBrowser(\"chrome\").build();\nawait driver.get(\"file:///C:/Users/nicol/OneDrive%20-%20Instituto%20Tecnológico%20de%20Las%20Américas%20(ITLA)/Universidad/UniversidadC3-2025/P03/Tarea%2304/views/login.html\");\nawait driver.findElement(By.id(\"username\")).sendKeys(\"admin\");\nawait driver.findElement(By.id(\"password\")).sendKeys(\"1234\");\nawait driver.findElement(By.css(\"button\")).click();",
              "err": {},
              "uuid": "eb2b8450-e539-45c2-b511-17679a1274b3",
              "parentUUID": "26323c53-6200-4e29-ba54-bf6c8274212f",
              "isHook": true,
              "skipped": false
            }
          ],
          "afterHooks": [
            {
              "title": "\"after all\" hook in \"Crear nota lista - Negativa\"",
              "fullTitle": "Crear nota lista - Negativa \"after all\" hook in \"Crear nota lista - Negativa\"",
              "timedOut": false,
              "duration": 142,
              "state": null,
              "speed": null,
              "pass": false,
              "fail": false,
              "pending": false,
              "context": null,
              "code": "await driver.quit()",
              "err": {},
              "uuid": "0d7959a7-a1d0-49a0-9500-261ebda6b968",
              "parentUUID": "26323c53-6200-4e29-ba54-bf6c8274212f",
              "isHook": true,
              "skipped": false
            },
            {
              "title": "\"after each\" hook in \"Crear nota lista - Negativa\"",
              "fullTitle": "Crear nota lista - Negativa \"after each\" hook in \"Crear nota lista - Negativa\"",
              "timedOut": false,
              "duration": 316,
              "state": null,
              "speed": null,
              "pass": false,
              "fail": false,
              "pending": false,
              "context": null,
              "code": "const testName = this.currentTest.title.replace(/\\s+/g, \"_\");\nconst screenshot = await driver.takeScreenshot();\nfs.writeFileSync(`snapshots/${testName}.png`, screenshot, \"base64\");",
              "err": {},
              "uuid": "bc98d32b-9290-4dd0-b6ee-2af8ea32aa16",
              "parentUUID": "26323c53-6200-4e29-ba54-bf6c8274212f",
              "isHook": true,
              "skipped": false
            }
          ],
          "tests": [
            {
              "title": "Debe mostrar alerta si la lista está vacía",
              "fullTitle": "Crear nota lista - Negativa Debe mostrar alerta si la lista está vacía",
              "timedOut": false,
              "duration": 312,
              "state": "passed",
              "speed": "slow",
              "pass": true,
              "fail": false,
              "pending": false,
              "context": null,
              "code": "await driver.findElement(By.id(\"listTypeBtn\")).click();\nawait driver.findElement(By.id(\"saveBtnText\")).click();\nconst alert = await driver.switchTo().alert();\nconst msg = await alert.getText();\nawait alert.accept();\nif (msg !== \"Agrega al menos un elemento a la lista\")\n    throw new Error(\"No muestra la alerta correcta.\");",
              "err": {},
              "uuid": "b326fa24-03f3-4fae-b6d2-417d792ca254",
              "parentUUID": "26323c53-6200-4e29-ba54-bf6c8274212f",
              "isHook": false,
              "skipped": false
            }
          ],
          "suites": [],
          "passes": [
            "b326fa24-03f3-4fae-b6d2-417d792ca254"
          ],
          "failures": [],
          "pending": [],
          "skipped": [],
          "duration": 312,
          "root": false,
          "rootEmpty": false,
          "_timeout": 40000
        },
        {
          "uuid": "18ac7e55-8534-46a3-99d5-e7053b7bcace",
          "title": "Crear nota tipo lista - Camino Feliz",
          "fullFile": "C:\\Users\\nicol\\OneDrive\\Documentos\\GitHub\\Tarea-04_P03\\test\\HU03\\create-list-success.test.js",
          "file": "\\test\\HU03\\create-list-success.test.js",
          "beforeHooks": [
            {
              "title": "\"before all\" hook in \"Crear nota tipo lista - Camino Feliz\"",
              "fullTitle": "Crear nota tipo lista - Camino Feliz \"before all\" hook in \"Crear nota tipo lista - Camino Feliz\"",
              "timedOut": false,
              "duration": 2017,
              "state": null,
              "speed": null,
              "pass": false,
              "fail": false,
              "pending": false,
              "context": null,
              "code": "driver = await new Builder().forBrowser(\"chrome\").build();\nawait driver.get(\"file:///C:/Users/nicol/OneDrive%20-%20Instituto%20Tecnológico%20de%20Las%20Américas%20(ITLA)/Universidad/UniversidadC3-2025/P03/Tarea%2304/views/login.html\");\nawait driver.findElement(By.id(\"username\")).sendKeys(\"admin\");\nawait driver.findElement(By.id(\"password\")).sendKeys(\"1234\");\nawait driver.findElement(By.css(\"button\")).click();",
              "err": {},
              "uuid": "facbb3c5-6243-43b9-ad21-fc6651a2e496",
              "parentUUID": "18ac7e55-8534-46a3-99d5-e7053b7bcace",
              "isHook": true,
              "skipped": false
            }
          ],
          "afterHooks": [
            {
              "title": "\"after all\" hook in \"Crear nota tipo lista - Camino Feliz\"",
              "fullTitle": "Crear nota tipo lista - Camino Feliz \"after all\" hook in \"Crear nota tipo lista - Camino Feliz\"",
              "timedOut": false,
              "duration": 114,
              "state": null,
              "speed": null,
              "pass": false,
              "fail": false,
              "pending": false,
              "context": null,
              "code": "await driver.quit()",
              "err": {},
              "uuid": "a8631fa2-9faf-47a7-848d-f9a27c6a0ca2",
              "parentUUID": "18ac7e55-8534-46a3-99d5-e7053b7bcace",
              "isHook": true,
              "skipped": false
            },
            {
              "title": "\"after each\" hook in \"Crear nota tipo lista - Camino Feliz\"",
              "fullTitle": "Crear nota tipo lista - Camino Feliz \"after each\" hook in \"Crear nota tipo lista - Camino Feliz\"",
              "timedOut": false,
              "duration": 307,
              "state": null,
              "speed": null,
              "pass": false,
              "fail": false,
              "pending": false,
              "context": null,
              "code": "const testName = this.currentTest.title.replace(/\\s+/g, \"_\");\nconst screenshot = await driver.takeScreenshot();\nfs.writeFileSync(`snapshots/${testName}.png`, screenshot, \"base64\");",
              "err": {},
              "uuid": "0cdd2d09-fb61-48b4-a4c5-4ade9b1dd8dc",
              "parentUUID": "18ac7e55-8534-46a3-99d5-e7053b7bcace",
              "isHook": true,
              "skipped": false
            }
          ],
          "tests": [
            {
              "title": "Debe crear una lista con tareas",
              "fullTitle": "Crear nota tipo lista - Camino Feliz Debe crear una lista con tareas",
              "timedOut": false,
              "duration": 588,
              "state": "passed",
              "speed": "slow",
              "pass": true,
              "fail": false,
              "pending": false,
              "context": null,
              "code": "await driver.findElement(By.id(\"listTypeBtn\")).click();\nconst input = await driver.findElement(By.css(\".list-item-input\"));\nawait input.sendKeys(\"Ir al bravo\");\nawait driver.findElement(By.id(\"saveBtnText\")).click();\nconst count = await driver.findElement(By.id(\"notesCount\")).getText();\nassert.equal(parseInt(count), 1);",
              "err": {},
              "uuid": "af18d237-a194-4ec8-bbdb-f2424bc402d0",
              "parentUUID": "18ac7e55-8534-46a3-99d5-e7053b7bcace",
              "isHook": false,
              "skipped": false
            }
          ],
          "suites": [],
          "passes": [
            "af18d237-a194-4ec8-bbdb-f2424bc402d0"
          ],
          "failures": [],
          "pending": [],
          "skipped": [],
          "duration": 588,
          "root": false,
          "rootEmpty": false,
          "_timeout": 40000
        },
        {
          "uuid": "2a71b569-8921-4608-b20b-06b82e0a6638",
          "title": "Editar nota - Prueba de Límites",
          "fullFile": "C:\\Users\\nicol\\OneDrive\\Documentos\\GitHub\\Tarea-04_P03\\test\\HU04\\edit-limit.test.js",
          "file": "\\test\\HU04\\edit-limit.test.js",
          "beforeHooks": [
            {
              "title": "\"before all\" hook in \"Editar nota - Prueba de Límites\"",
              "fullTitle": "Editar nota - Prueba de Límites \"before all\" hook in \"Editar nota - Prueba de Límites\"",
              "timedOut": false,
              "duration": 2463,
              "state": null,
              "speed": null,
              "pass": false,
              "fail": false,
              "pending": false,
              "context": null,
              "code": "driver = await new Builder().forBrowser(\"chrome\").build();\nawait driver.get(\"file:///C:/Users/nicol/OneDrive%20-%20Instituto%20Tecnológico%20de%20Las%20Américas%20(ITLA)/Universidad/UniversidadC3-2025/P03/Tarea%2304/views/login.html\");\nawait driver.findElement(By.id(\"username\")).sendKeys(\"admin\");\nawait driver.findElement(By.id(\"password\")).sendKeys(\"1234\");\nawait driver.findElement(By.css(\"button\")).click();\nawait driver.findElement(By.id(\"noteContent\")).sendKeys(\"Nota test\");\nawait driver.findElement(By.id(\"saveBtnText\")).click();",
              "err": {},
              "uuid": "bcc6d342-c9c4-4210-a516-0419a33f1606",
              "parentUUID": "2a71b569-8921-4608-b20b-06b82e0a6638",
              "isHook": true,
              "skipped": false
            }
          ],
          "afterHooks": [
            {
              "title": "\"after all\" hook in \"Editar nota - Prueba de Límites\"",
              "fullTitle": "Editar nota - Prueba de Límites \"after all\" hook in \"Editar nota - Prueba de Límites\"",
              "timedOut": false,
              "duration": 173,
              "state": null,
              "speed": null,
              "pass": false,
              "fail": false,
              "pending": false,
              "context": null,
              "code": "await driver.quit()",
              "err": {},
              "uuid": "3ea87ff6-dcb7-43f6-9587-b6e960069310",
              "parentUUID": "2a71b569-8921-4608-b20b-06b82e0a6638",
              "isHook": true,
              "skipped": false
            },
            {
              "title": "\"after each\" hook in \"Editar nota - Prueba de Límites\"",
              "fullTitle": "Editar nota - Prueba de Límites \"after each\" hook in \"Editar nota - Prueba de Límites\"",
              "timedOut": false,
              "duration": 249,
              "state": null,
              "speed": null,
              "pass": false,
              "fail": false,
              "pending": false,
              "context": null,
              "code": "const testName = this.currentTest.title.replace(/\\s+/g, \"_\");\nconst screenshot = await driver.takeScreenshot();\nfs.writeFileSync(`snapshots/${testName}.png`, screenshot, \"base64\");",
              "err": {},
              "uuid": "5ffeece0-9e96-4263-a4b4-211a61ff71a4",
              "parentUUID": "2a71b569-8921-4608-b20b-06b82e0a6638",
              "isHook": true,
              "skipped": false
            }
          ],
          "tests": [
            {
              "title": "Debe permitir editar con texto muy largo",
              "fullTitle": "Editar nota - Prueba de Límites Debe permitir editar con texto muy largo",
              "timedOut": false,
              "duration": 15222,
              "state": "passed",
              "speed": "slow",
              "pass": true,
              "fail": false,
              "pending": false,
              "context": null,
              "code": "await driver.findElement(By.css(\".edit-btn\")).click();\nconst input = await driver.findElement(By.id(\"noteContent\"));\nawait input.clear();\nawait input.sendKeys(\"B\".repeat(2000));\nawait driver.findElement(By.id(\"saveBtnText\")).click();\nconst cardText = await driver.findElement(By.css(\".note-text\")).getText();\nassert.ok(cardText.length >= 2000);",
              "err": {},
              "uuid": "26d447f8-2060-409e-8ac9-80b89cef763c",
              "parentUUID": "2a71b569-8921-4608-b20b-06b82e0a6638",
              "isHook": false,
              "skipped": false
            }
          ],
          "suites": [],
          "passes": [
            "26d447f8-2060-409e-8ac9-80b89cef763c"
          ],
          "failures": [],
          "pending": [],
          "skipped": [],
          "duration": 15222,
          "root": false,
          "rootEmpty": false,
          "_timeout": 45000
        },
        {
          "uuid": "933bea40-c217-4086-8236-cad85e2aadb8",
          "title": "Editar nota - Negativa",
          "fullFile": "C:\\Users\\nicol\\OneDrive\\Documentos\\GitHub\\Tarea-04_P03\\test\\HU04\\edit-negative.test.js",
          "file": "\\test\\HU04\\edit-negative.test.js",
          "beforeHooks": [
            {
              "title": "\"before all\" hook in \"Editar nota - Negativa\"",
              "fullTitle": "Editar nota - Negativa \"before all\" hook in \"Editar nota - Negativa\"",
              "timedOut": false,
              "duration": 2410,
              "state": null,
              "speed": null,
              "pass": false,
              "fail": false,
              "pending": false,
              "context": null,
              "code": "driver = await new Builder().forBrowser(\"chrome\").build();\nawait driver.get(\"file:///C:/Users/nicol/OneDrive%20-%20Instituto%20Tecnológico%20de%20Las%20Américas%20(ITLA)/Universidad/UniversidadC3-2025/P03/Tarea%2304/views/login.html\");\nawait driver.findElement(By.id(\"username\")).sendKeys(\"admin\");\nawait driver.findElement(By.id(\"password\")).sendKeys(\"1234\");\nawait driver.findElement(By.css(\"button\")).click();\nawait driver.findElement(By.id(\"noteContent\")).sendKeys(\"Nota test\");\nawait driver.findElement(By.id(\"saveBtnText\")).click();",
              "err": {},
              "uuid": "12f531a7-b012-4714-9215-e848c111c92e",
              "parentUUID": "933bea40-c217-4086-8236-cad85e2aadb8",
              "isHook": true,
              "skipped": false
            }
          ],
          "afterHooks": [
            {
              "title": "\"after all\" hook in \"Editar nota - Negativa\"",
              "fullTitle": "Editar nota - Negativa \"after all\" hook in \"Editar nota - Negativa\"",
              "timedOut": false,
              "duration": 186,
              "state": null,
              "speed": null,
              "pass": false,
              "fail": false,
              "pending": false,
              "context": null,
              "code": "await driver.quit()",
              "err": {},
              "uuid": "df584a4a-5d98-49d5-b825-1062d7ef1977",
              "parentUUID": "933bea40-c217-4086-8236-cad85e2aadb8",
              "isHook": true,
              "skipped": false
            },
            {
              "title": "\"after each\" hook in \"Editar nota - Negativa\"",
              "fullTitle": "Editar nota - Negativa \"after each\" hook in \"Editar nota - Negativa\"",
              "timedOut": false,
              "duration": 459,
              "state": null,
              "speed": null,
              "pass": false,
              "fail": false,
              "pending": false,
              "context": null,
              "code": "const testName = this.currentTest.title.replace(/\\s+/g, \"_\");\nconst screenshot = await driver.takeScreenshot();\nfs.writeFileSync(`snapshots/${testName}.png`, screenshot, \"base64\");",
              "err": {},
              "uuid": "b6da53ae-3662-4074-8890-c75b63508586",
              "parentUUID": "933bea40-c217-4086-8236-cad85e2aadb8",
              "isHook": true,
              "skipped": false
            }
          ],
          "tests": [
            {
              "title": "Debe impedir guardar una nota vacía al editar",
              "fullTitle": "Editar nota - Negativa Debe impedir guardar una nota vacía al editar",
              "timedOut": false,
              "duration": 423,
              "state": "passed",
              "speed": "slow",
              "pass": true,
              "fail": false,
              "pending": false,
              "context": null,
              "code": "await driver.findElement(By.css(\".edit-btn\")).click();\nconst input = await driver.findElement(By.id(\"noteContent\"));\nawait input.clear();\nawait driver.findElement(By.id(\"saveBtnText\")).click();\nconst alert = await driver.switchTo().alert();\nconst msg = await alert.getText();\nawait alert.accept();\nif (msg !== \"La nota está vacía\") throw new Error(\"No mostró el mensaje correcto\");",
              "err": {},
              "uuid": "4b200b31-9a3a-42d0-85a2-4af3fc50da6b",
              "parentUUID": "933bea40-c217-4086-8236-cad85e2aadb8",
              "isHook": false,
              "skipped": false
            }
          ],
          "suites": [],
          "passes": [
            "4b200b31-9a3a-42d0-85a2-4af3fc50da6b"
          ],
          "failures": [],
          "pending": [],
          "skipped": [],
          "duration": 423,
          "root": false,
          "rootEmpty": false,
          "_timeout": 45000
        },
        {
          "uuid": "6b3903ce-4493-453e-92c7-3b0a0213998f",
          "title": "Editar nota - Camino Feliz",
          "fullFile": "C:\\Users\\nicol\\OneDrive\\Documentos\\GitHub\\Tarea-04_P03\\test\\HU04\\edit-succes.test.js",
          "file": "\\test\\HU04\\edit-succes.test.js",
          "beforeHooks": [
            {
              "title": "\"before all\" hook in \"Editar nota - Camino Feliz\"",
              "fullTitle": "Editar nota - Camino Feliz \"before all\" hook in \"Editar nota - Camino Feliz\"",
              "timedOut": false,
              "duration": 2322,
              "state": null,
              "speed": null,
              "pass": false,
              "fail": false,
              "pending": false,
              "context": null,
              "code": "driver = await new Builder().forBrowser(\"chrome\").build();\nawait driver.get(\"file:///C:/Users/nicol/OneDrive%20-%20Instituto%20Tecnológico%20de%20Las%20Américas%20(ITLA)/Universidad/UniversidadC3-2025/P03/Tarea%2304/views/login.html\");\nawait driver.findElement(By.id(\"username\")).sendKeys(\"admin\");\nawait driver.findElement(By.id(\"password\")).sendKeys(\"1234\");\nawait driver.findElement(By.css(\"button\")).click();\nawait driver.findElement(By.id(\"noteContent\")).sendKeys(\"Nota inicial\");\nawait driver.findElement(By.id(\"saveBtnText\")).click();",
              "err": {},
              "uuid": "c6bdb0c4-6731-40e3-914a-16f975e8c0e9",
              "parentUUID": "6b3903ce-4493-453e-92c7-3b0a0213998f",
              "isHook": true,
              "skipped": false
            }
          ],
          "afterHooks": [
            {
              "title": "\"after all\" hook in \"Editar nota - Camino Feliz\"",
              "fullTitle": "Editar nota - Camino Feliz \"after all\" hook in \"Editar nota - Camino Feliz\"",
              "timedOut": false,
              "duration": 158,
              "state": null,
              "speed": null,
              "pass": false,
              "fail": false,
              "pending": false,
              "context": null,
              "code": "await driver.quit()",
              "err": {},
              "uuid": "9109d7cf-dabe-4926-b6ba-ce2981124445",
              "parentUUID": "6b3903ce-4493-453e-92c7-3b0a0213998f",
              "isHook": true,
              "skipped": false
            },
            {
              "title": "\"after each\" hook in \"Editar nota - Camino Feliz\"",
              "fullTitle": "Editar nota - Camino Feliz \"after each\" hook in \"Editar nota - Camino Feliz\"",
              "timedOut": false,
              "duration": 360,
              "state": null,
              "speed": null,
              "pass": false,
              "fail": false,
              "pending": false,
              "context": null,
              "code": "const testName = this.currentTest.title.replace(/\\s+/g, \"_\");\nconst screenshot = await driver.takeScreenshot();\nfs.writeFileSync(`snapshots/${testName}.png`, screenshot, \"base64\");",
              "err": {},
              "uuid": "2bb268f6-7fa4-47f8-8461-b6e46d768d73",
              "parentUUID": "6b3903ce-4493-453e-92c7-3b0a0213998f",
              "isHook": true,
              "skipped": false
            }
          ],
          "tests": [
            {
              "title": "Debe editar una nota correctamente",
              "fullTitle": "Editar nota - Camino Feliz Debe editar una nota correctamente",
              "timedOut": false,
              "duration": 689,
              "state": "passed",
              "speed": "slow",
              "pass": true,
              "fail": false,
              "pending": false,
              "context": null,
              "code": "await driver.findElement(By.css(\".edit-btn\")).click();\nconst input = await driver.findElement(By.id(\"noteContent\"));\nawait input.clear();\nawait input.sendKeys(\"Nota editada\");\nawait driver.findElement(By.id(\"saveBtnText\")).click();\nconst cardText = await driver.findElement(By.css(\".note-text\")).getText();\nassert.equal(cardText, \"Nota editada\");",
              "err": {},
              "uuid": "be17fe35-0e89-4429-9df9-9d1bf359be19",
              "parentUUID": "6b3903ce-4493-453e-92c7-3b0a0213998f",
              "isHook": false,
              "skipped": false
            }
          ],
          "suites": [],
          "passes": [
            "be17fe35-0e89-4429-9df9-9d1bf359be19"
          ],
          "failures": [],
          "pending": [],
          "skipped": [],
          "duration": 689,
          "root": false,
          "rootEmpty": false,
          "_timeout": 45000
        },
        {
          "uuid": "4b7a1841-26ef-4236-9942-e154935ed602",
          "title": "Eliminar nota - Prueba de Límites",
          "fullFile": "C:\\Users\\nicol\\OneDrive\\Documentos\\GitHub\\Tarea-04_P03\\test\\HU05\\delete-limit.test.js",
          "file": "\\test\\HU05\\delete-limit.test.js",
          "beforeHooks": [
            {
              "title": "\"before all\" hook in \"Eliminar nota - Prueba de Límites\"",
              "fullTitle": "Eliminar nota - Prueba de Límites \"before all\" hook in \"Eliminar nota - Prueba de Límites\"",
              "timedOut": false,
              "duration": 3949,
              "state": null,
              "speed": null,
              "pass": false,
              "fail": false,
              "pending": false,
              "context": null,
              "code": "driver = await new Builder().forBrowser(\"chrome\").build();\nawait driver.get(\"file:///C:/Users/nicol/OneDrive%20-%20Instituto%20Tecnológico%20de%20Las%20Américas%20(ITLA)/Universidad/UniversidadC3-2025/P03/Tarea%2304/views/login.html\");\nawait driver.findElement(By.id(\"username\")).sendKeys(\"admin\");\nawait driver.findElement(By.id(\"password\")).sendKeys(\"1234\");\nawait driver.findElement(By.css(\"button\")).click();\nfor (let i = 1; i <= 5; i++) {\n    await driver.findElement(By.id(\"noteContent\")).sendKeys(`Nota ${i}`);\n    await driver.findElement(By.id(\"saveBtnText\")).click();\n}",
              "err": {},
              "uuid": "3f6592f1-4306-40a7-b010-0a16f8a4f673",
              "parentUUID": "4b7a1841-26ef-4236-9942-e154935ed602",
              "isHook": true,
              "skipped": false
            }
          ],
          "afterHooks": [
            {
              "title": "\"after all\" hook in \"Eliminar nota - Prueba de Límites\"",
              "fullTitle": "Eliminar nota - Prueba de Límites \"after all\" hook in \"Eliminar nota - Prueba de Límites\"",
              "timedOut": false,
              "duration": 114,
              "state": null,
              "speed": null,
              "pass": false,
              "fail": false,
              "pending": false,
              "context": null,
              "code": "await driver.quit()",
              "err": {},
              "uuid": "6c50e503-29ad-475e-bb1b-d99449ebaede",
              "parentUUID": "4b7a1841-26ef-4236-9942-e154935ed602",
              "isHook": true,
              "skipped": false
            },
            {
              "title": "\"after each\" hook in \"Eliminar nota - Prueba de Límites\"",
              "fullTitle": "Eliminar nota - Prueba de Límites \"after each\" hook in \"Eliminar nota - Prueba de Límites\"",
              "timedOut": false,
              "duration": 335,
              "state": null,
              "speed": null,
              "pass": false,
              "fail": false,
              "pending": false,
              "context": null,
              "code": "const testName = this.currentTest.title.replace(/\\s+/g, \"_\");\nconst screenshot = await driver.takeScreenshot();\nfs.writeFileSync(`snapshots/${testName}.png`, screenshot, \"base64\");",
              "err": {},
              "uuid": "4249e7e5-cec7-4623-b99d-c04abb51c253",
              "parentUUID": "4b7a1841-26ef-4236-9942-e154935ed602",
              "isHook": true,
              "skipped": false
            }
          ],
          "tests": [
            {
              "title": "Debe permitir borrar múltiples notas sin errores",
              "fullTitle": "Eliminar nota - Prueba de Límites Debe permitir borrar múltiples notas sin errores",
              "timedOut": false,
              "duration": 204,
              "state": "failed",
              "speed": null,
              "pass": false,
              "fail": true,
              "pending": false,
              "context": null,
              "code": "let deleteButtons = await driver.findElements(By.css(\".delete-btn\"));\nfor (const btn of deleteButtons) {\n    await btn.click();\n    let alert = await driver.switchTo().alert();\n    await alert.accept();\n}\nconst count = await driver.findElement(By.id(\"notesCount\")).getText();\nassert.equal(parseInt(count), 0);",
              "err": {
                "message": "StaleElementReferenceError: stale element reference: stale element not found in the current frame\n  (Session info: chrome=142.0.7444.176)",
                "estack": "StaleElementReferenceError: stale element reference: stale element not found in the current frame\n  (Session info: chrome=142.0.7444.176)\n    at Object.throwDecodedError (node_modules\\selenium-webdriver\\lib\\error.js:523:15)\n    at parseHttpResponse (node_modules\\selenium-webdriver\\lib\\http.js:524:13)\n    at Executor.execute (node_modules\\selenium-webdriver\\lib\\http.js:456:28)\n    at process.processTicksAndRejections (node:internal/process/task_queues:105:5)\n    at async Driver.execute (node_modules\\selenium-webdriver\\lib\\webdriver.js:745:17)\n    at async Context.<anonymous> (test\\HU05\\delete-limit.test.js:34:13)",
                "diff": null
              },
              "uuid": "38bb94e2-cb88-4d1f-973e-ceb99da3117e",
              "parentUUID": "4b7a1841-26ef-4236-9942-e154935ed602",
              "isHook": false,
              "skipped": false
            }
          ],
          "suites": [],
          "passes": [],
          "failures": [
            "38bb94e2-cb88-4d1f-973e-ceb99da3117e"
          ],
          "pending": [],
          "skipped": [],
          "duration": 204,
          "root": false,
          "rootEmpty": false,
          "_timeout": 50000
        },
        {
          "uuid": "27b2837c-5a0e-4517-a406-c01d46af9b1e",
          "title": "Eliminar nota - Negativa",
          "fullFile": "C:\\Users\\nicol\\OneDrive\\Documentos\\GitHub\\Tarea-04_P03\\test\\HU05\\delete-negative.test.js",
          "file": "\\test\\HU05\\delete-negative.test.js",
          "beforeHooks": [
            {
              "title": "\"before all\" hook in \"Eliminar nota - Negativa\"",
              "fullTitle": "Eliminar nota - Negativa \"before all\" hook in \"Eliminar nota - Negativa\"",
              "timedOut": false,
              "duration": 2565,
              "state": null,
              "speed": null,
              "pass": false,
              "fail": false,
              "pending": false,
              "context": null,
              "code": "driver = await new Builder().forBrowser(\"chrome\").build();\nawait driver.get(\"file:///C:/Users/nicol/OneDrive%20-%20Instituto%20Tecnológico%20de%20Las%20Américas%20(ITLA)/Universidad/UniversidadC3-2025/P03/Tarea%2304/views/login.html\");\nawait driver.findElement(By.id(\"username\")).sendKeys(\"admin\");\nawait driver.findElement(By.id(\"password\")).sendKeys(\"1234\");\nawait driver.findElement(By.css(\"button\")).click();\nawait driver.findElement(By.id(\"noteContent\")).sendKeys(\"Nota test cancelar\");\nawait driver.findElement(By.id(\"saveBtnText\")).click();",
              "err": {},
              "uuid": "c86edd75-df19-4d6c-9bdd-89d44fade22a",
              "parentUUID": "27b2837c-5a0e-4517-a406-c01d46af9b1e",
              "isHook": true,
              "skipped": false
            }
          ],
          "afterHooks": [
            {
              "title": "\"after all\" hook in \"Eliminar nota - Negativa\"",
              "fullTitle": "Eliminar nota - Negativa \"after all\" hook in \"Eliminar nota - Negativa\"",
              "timedOut": false,
              "duration": 350,
              "state": null,
              "speed": null,
              "pass": false,
              "fail": false,
              "pending": false,
              "context": null,
              "code": "await driver.quit()",
              "err": {},
              "uuid": "9707ff45-573a-482c-b873-f8dd0ace4108",
              "parentUUID": "27b2837c-5a0e-4517-a406-c01d46af9b1e",
              "isHook": true,
              "skipped": false
            },
            {
              "title": "\"after each\" hook in \"Eliminar nota - Negativa\"",
              "fullTitle": "Eliminar nota - Negativa \"after each\" hook in \"Eliminar nota - Negativa\"",
              "timedOut": false,
              "duration": 404,
              "state": null,
              "speed": null,
              "pass": false,
              "fail": false,
              "pending": false,
              "context": null,
              "code": "const testName = this.currentTest.title.replace(/\\s+/g, \"_\");\nconst screenshot = await driver.takeScreenshot();\nfs.writeFileSync(`snapshots/${testName}.png`, screenshot, \"base64\");",
              "err": {},
              "uuid": "f4e44c94-8783-4a34-b8a0-63c068428934",
              "parentUUID": "27b2837c-5a0e-4517-a406-c01d46af9b1e",
              "isHook": true,
              "skipped": false
            }
          ],
          "tests": [
            {
              "title": "No debe eliminar la nota si se cancela",
              "fullTitle": "Eliminar nota - Negativa No debe eliminar la nota si se cancela",
              "timedOut": false,
              "duration": 296,
              "state": "passed",
              "speed": "slow",
              "pass": true,
              "fail": false,
              "pending": false,
              "context": null,
              "code": "await driver.findElement(By.css(\".delete-btn\")).click();\nconst alert = await driver.switchTo().alert();\nawait alert.dismiss();\nconst count = await driver.findElement(By.id(\"notesCount\")).getText();\nassert.equal(parseInt(count), 1);",
              "err": {},
              "uuid": "cd60a0ba-0f54-42a0-a5ff-d2d3164a7392",
              "parentUUID": "27b2837c-5a0e-4517-a406-c01d46af9b1e",
              "isHook": false,
              "skipped": false
            }
          ],
          "suites": [],
          "passes": [
            "cd60a0ba-0f54-42a0-a5ff-d2d3164a7392"
          ],
          "failures": [],
          "pending": [],
          "skipped": [],
          "duration": 296,
          "root": false,
          "rootEmpty": false,
          "_timeout": 45000
        },
        {
          "uuid": "173f811b-b9fc-467a-b849-52b797ebfdd7",
          "title": "Eliminar nota - Camino Feliz",
          "fullFile": "C:\\Users\\nicol\\OneDrive\\Documentos\\GitHub\\Tarea-04_P03\\test\\HU05\\delete-success.test.js",
          "file": "\\test\\HU05\\delete-success.test.js",
          "beforeHooks": [
            {
              "title": "\"before all\" hook in \"Eliminar nota - Camino Feliz\"",
              "fullTitle": "Eliminar nota - Camino Feliz \"before all\" hook in \"Eliminar nota - Camino Feliz\"",
              "timedOut": false,
              "duration": 4128,
              "state": null,
              "speed": null,
              "pass": false,
              "fail": false,
              "pending": false,
              "context": null,
              "code": "driver = await new Builder().forBrowser(\"chrome\").build();\nawait driver.get(\"file:///C:/Users/nicol/OneDrive%20-%20Instituto%20Tecnológico%20de%20Las%20Américas%20(ITLA)/Universidad/UniversidadC3-2025/P03/Tarea%2304/views/login.html\");\nawait driver.findElement(By.id(\"username\")).sendKeys(\"admin\");\nawait driver.findElement(By.id(\"password\")).sendKeys(\"1234\");\nawait driver.findElement(By.css(\"button\")).click();\nawait driver.findElement(By.id(\"noteContent\")).sendKeys(\"Eliminar esta\");\nawait driver.findElement(By.id(\"saveBtnText\")).click();",
              "err": {},
              "uuid": "b688937c-9ab0-42a9-ac77-69bc5a23622e",
              "parentUUID": "173f811b-b9fc-467a-b849-52b797ebfdd7",
              "isHook": true,
              "skipped": false
            }
          ],
          "afterHooks": [
            {
              "title": "\"after all\" hook in \"Eliminar nota - Camino Feliz\"",
              "fullTitle": "Eliminar nota - Camino Feliz \"after all\" hook in \"Eliminar nota - Camino Feliz\"",
              "timedOut": false,
              "duration": 275,
              "state": null,
              "speed": null,
              "pass": false,
              "fail": false,
              "pending": false,
              "context": null,
              "code": "await driver.quit()",
              "err": {},
              "uuid": "f0f9ee70-4200-472f-98da-15c5592fa1b9",
              "parentUUID": "173f811b-b9fc-467a-b849-52b797ebfdd7",
              "isHook": true,
              "skipped": false
            },
            {
              "title": "\"after each\" hook in \"Eliminar nota - Camino Feliz\"",
              "fullTitle": "Eliminar nota - Camino Feliz \"after each\" hook in \"Eliminar nota - Camino Feliz\"",
              "timedOut": false,
              "duration": 398,
              "state": null,
              "speed": null,
              "pass": false,
              "fail": false,
              "pending": false,
              "context": null,
              "code": "const testName = this.currentTest.title.replace(/\\s+/g, \"_\");\nconst screenshot = await driver.takeScreenshot();\nfs.writeFileSync(`snapshots/${testName}.png`, screenshot, \"base64\");",
              "err": {},
              "uuid": "adf7da50-8bf9-4e2a-891d-ac46b1b848e8",
              "parentUUID": "173f811b-b9fc-467a-b849-52b797ebfdd7",
              "isHook": true,
              "skipped": false
            }
          ],
          "tests": [
            {
              "title": "Debe eliminar una nota correctamente",
              "fullTitle": "Eliminar nota - Camino Feliz Debe eliminar una nota correctamente",
              "timedOut": false,
              "duration": 246,
              "state": "passed",
              "speed": "slow",
              "pass": true,
              "fail": false,
              "pending": false,
              "context": null,
              "code": "await driver.findElement(By.css(\".delete-btn\")).click();\nconst alert = await driver.switchTo().alert();\nawait alert.accept();\nconst count = await driver.findElement(By.id(\"notesCount\")).getText();\nassert.equal(parseInt(count), 0);",
              "err": {},
              "uuid": "69df54dd-465c-4e14-b89f-e96ec4a2cb66",
              "parentUUID": "173f811b-b9fc-467a-b849-52b797ebfdd7",
              "isHook": false,
              "skipped": false
            }
          ],
          "suites": [],
          "passes": [
            "69df54dd-465c-4e14-b89f-e96ec4a2cb66"
          ],
          "failures": [],
          "pending": [],
          "skipped": [],
          "duration": 246,
          "root": false,
          "rootEmpty": false,
          "_timeout": 45000
        }
      ],
      "passes": [],
      "failures": [],
      "pending": [],
      "skipped": [],
      "duration": 0,
      "root": true,
      "rootEmpty": true,
      "_timeout": 30000
    }
  ],
  "meta": {
    "mocha": {
      "version": "11.7.5"
    },
    "mochawesome": {
      "options": {
        "quiet": false,
        "reportFilename": "mochawesome",
        "saveHtml": true,
        "saveJson": true,
        "consoleReporter": "spec",
        "useInlineDiffs": false,
        "code": true
      },
      "version": "7.1.4"
    },
    "marge": {
      "options": null,
      "version": "6.3.2"
    }
  }
}