{
  "stats": {
    "suites": 8,
    "tests": 18,
    "passes": 15,
    "pending": 0,
    "failures": 3,
    "start": "2025-12-10T22:31:19.707Z",
    "end": "2025-12-10T22:32:15.843Z",
    "duration": 56136,
    "testsRegistered": 18,
    "passPercent": 83.33333333333334,
    "pendingPercent": 0,
    "other": 0,
    "hasOther": false,
    "skipped": 0,
    "hasSkipped": false
  },
  "results": [
    {
      "uuid": "3de6e85b-943a-48f2-bb41-c04e58572722",
      "title": "",
      "fullFile": "C:\\Users\\nicol\\OneDrive\\Documentos\\GitHub\\Tarea-04_P03\\pruebas\\PruevAuto-Final.test.js",
      "file": "\\pruebas\\PruevAuto-Final.test.js",
      "beforeHooks": [],
      "afterHooks": [],
      "tests": [],
      "suites": [
        {
          "uuid": "c4e8ad76-4864-4ff5-a822-3dc7ecc3ec1d",
          "title": "Suite Completa de Pruebas - Blog web de Notas",
          "fullFile": "C:\\Users\\nicol\\OneDrive\\Documentos\\GitHub\\Tarea-04_P03\\pruebas\\PruevAuto-Final.test.js",
          "file": "\\pruebas\\PruevAuto-Final.test.js",
          "beforeHooks": [
            {
              "title": "\"before all\" hook in \"Suite Completa de Pruebas - Blog web de Notas\"",
              "fullTitle": "Suite Completa de Pruebas - Blog web de Notas \"before all\" hook in \"Suite Completa de Pruebas - Blog web de Notas\"",
              "timedOut": false,
              "duration": 2225,
              "state": null,
              "speed": null,
              "pass": false,
              "fail": false,
              "pending": false,
              "context": null,
              "code": "if (!fs.existsSync(snapshotsDir)) {\n    fs.mkdirSync(snapshotsDir, { recursive: true });\n}\ndriver = await new Builder().forBrowser(\"chrome\").build();",
              "err": {},
              "uuid": "2878078a-dcfd-495a-9e48-d02c251c26b5",
              "parentUUID": "c4e8ad76-4864-4ff5-a822-3dc7ecc3ec1d",
              "isHook": true,
              "skipped": false
            }
          ],
          "afterHooks": [
            {
              "title": "\"after all\" hook in \"Suite Completa de Pruebas - Blog web de Notas\"",
              "fullTitle": "Suite Completa de Pruebas - Blog web de Notas \"after all\" hook in \"Suite Completa de Pruebas - Blog web de Notas\"",
              "timedOut": false,
              "duration": 104,
              "state": null,
              "speed": null,
              "pass": false,
              "fail": false,
              "pending": false,
              "context": null,
              "code": "await driver.quit();",
              "err": {},
              "uuid": "bce90469-03b5-430c-9f71-3692d6251362",
              "parentUUID": "c4e8ad76-4864-4ff5-a822-3dc7ecc3ec1d",
              "isHook": true,
              "skipped": false
            },
            {
              "title": "\"after each\" hook in \"Suite Completa de Pruebas - Blog web de Notas\"",
              "fullTitle": "Suite Completa de Pruebas - Blog web de Notas \"after each\" hook in \"Suite Completa de Pruebas - Blog web de Notas\"",
              "timedOut": false,
              "duration": 128,
              "state": null,
              "speed": null,
              "pass": false,
              "fail": false,
              "pending": false,
              "context": null,
              "code": "const testName = this.currentTest.title.replace(/\\s+/g, \"_\");\nconst status = this.currentTest.state === \"passed\" ? \"PASS\" : \"FAIL\";\nconst screenshot = await driver.takeScreenshot();\nconst timestamp = Date.now();\nfs.writeFileSync(\n    path.join(snapshotsDir, `${status}_${testName}_${timestamp}.png`),\n    screenshot,\n    \"base64\"\n);",
              "err": {},
              "uuid": "1968c796-e57b-46ad-8d7b-22782f122d4c",
              "parentUUID": "c4e8ad76-4864-4ff5-a822-3dc7ecc3ec1d",
              "isHook": true,
              "skipped": false
            }
          ],
          "tests": [],
          "suites": [
            {
              "uuid": "a70cf179-77ad-4e2b-8a20-f80a1b71e80c",
              "title": "HU01 - Login",
              "fullFile": "C:\\Users\\nicol\\OneDrive\\Documentos\\GitHub\\Tarea-04_P03\\pruebas\\PruevAuto-Final.test.js",
              "file": "\\pruebas\\PruevAuto-Final.test.js",
              "beforeHooks": [],
              "afterHooks": [],
              "tests": [
                {
                  "title": "Debe iniciar sesión correctamente con credenciales válidas",
                  "fullTitle": "Suite Completa de Pruebas - Blog web de Notas HU01 - Login Debe iniciar sesión correctamente con credenciales válidas",
                  "timedOut": false,
                  "duration": 1254,
                  "state": "passed",
                  "speed": "slow",
                  "pass": true,
                  "fail": false,
                  "pending": false,
                  "context": null,
                  "code": "await driver.get(loginUrl);\nawait driver.findElement(By.id(\"username\")).sendKeys(\"admin\");\nawait driver.findElement(By.id(\"password\")).sendKeys(\"1234\");\nawait driver.findElement(By.css(\"button\")).click();\n\nawait driver.wait(until.urlContains(\"index.html\"), 5000);\nconst url = await driver.getCurrentUrl();\nassert.ok(url.includes(\"index.html\"), \"No redirigió a index.html\");\n     \nawait driver.executeScript(\"localStorage.clear()\");",
                  "err": {},
                  "uuid": "7f73560e-5fad-4a23-88ad-87e0e7afbcb1",
                  "parentUUID": "a70cf179-77ad-4e2b-8a20-f80a1b71e80c",
                  "isHook": false,
                  "skipped": false
                },
                {
                  "title": "Debe mostrar error con credenciales incorrectas",
                  "fullTitle": "Suite Completa de Pruebas - Blog web de Notas HU01 - Login Debe mostrar error con credenciales incorrectas",
                  "timedOut": false,
                  "duration": 649,
                  "state": "passed",
                  "speed": "slow",
                  "pass": true,
                  "fail": false,
                  "pending": false,
                  "context": null,
                  "code": "await driver.get(loginUrl);\nawait driver.findElement(By.id(\"username\")).sendKeys(\"fakeUser\");\nawait driver.findElement(By.id(\"password\")).sendKeys(\"wrongPass\");\nawait driver.findElement(By.css(\"button\")).click();\n\nconst errorMsg = await driver.findElement(By.id(\"loginError\")).getText();\nassert.equal(errorMsg, \"Usuario o contraseña incorrectos\");",
                  "err": {},
                  "uuid": "8e65e2d2-01be-4020-a01e-f19e20d905e3",
                  "parentUUID": "a70cf179-77ad-4e2b-8a20-f80a1b71e80c",
                  "isHook": false,
                  "skipped": false
                },
                {
                  "title": "Debe mostrar error con campos vacíos",
                  "fullTitle": "Suite Completa de Pruebas - Blog web de Notas HU01 - Login Debe mostrar error con campos vacíos",
                  "timedOut": false,
                  "duration": 549,
                  "state": "passed",
                  "speed": "slow",
                  "pass": true,
                  "fail": false,
                  "pending": false,
                  "context": null,
                  "code": "await driver.get(loginUrl);\nawait driver.findElement(By.id(\"username\")).clear();\nawait driver.findElement(By.id(\"password\")).clear();\nawait driver.findElement(By.css(\"button\")).click();\n\nconst errorMsg = await driver.findElement(By.id(\"loginError\")).getText();\nassert.equal(errorMsg, \"Usuario o contraseña incorrectos\");",
                  "err": {},
                  "uuid": "bd308462-9f5c-4958-85d5-e6d402861662",
                  "parentUUID": "a70cf179-77ad-4e2b-8a20-f80a1b71e80c",
                  "isHook": false,
                  "skipped": false
                }
              ],
              "suites": [],
              "passes": [
                "7f73560e-5fad-4a23-88ad-87e0e7afbcb1",
                "8e65e2d2-01be-4020-a01e-f19e20d905e3",
                "bd308462-9f5c-4958-85d5-e6d402861662"
              ],
              "failures": [],
              "pending": [],
              "skipped": [],
              "duration": 2452,
              "root": false,
              "rootEmpty": false,
              "_timeout": 60000
            },
            {
              "uuid": "e758388c-8e52-4c8f-ad2f-f49d0ee1c83e",
              "title": "HU02 - Crear Nota de Texto",
              "fullFile": "C:\\Users\\nicol\\OneDrive\\Documentos\\GitHub\\Tarea-04_P03\\pruebas\\PruevAuto-Final.test.js",
              "file": "\\pruebas\\PruevAuto-Final.test.js",
              "beforeHooks": [
                {
                  "title": "\"before each\" hook in \"HU02 - Crear Nota de Texto\"",
                  "fullTitle": "Suite Completa de Pruebas - Blog web de Notas HU02 - Crear Nota de Texto \"before each\" hook in \"HU02 - Crear Nota de Texto\"",
                  "timedOut": false,
                  "duration": 912,
                  "state": null,
                  "speed": null,
                  "pass": false,
                  "fail": false,
                  "pending": false,
                  "context": null,
                  "code": "await driver.get(loginUrl);\nawait driver.findElement(By.id(\"username\")).sendKeys(\"admin\");\nawait driver.findElement(By.id(\"password\")).sendKeys(\"1234\");\nawait driver.findElement(By.css(\"button\")).click();\nawait driver.wait(until.urlContains(\"index.html\"), 5000);",
                  "err": {},
                  "uuid": "bd35147f-67ca-4fab-bb5d-100c9d30157b",
                  "parentUUID": "e758388c-8e52-4c8f-ad2f-f49d0ee1c83e",
                  "isHook": true,
                  "skipped": false
                }
              ],
              "afterHooks": [
                {
                  "title": "\"after each\" hook in \"HU02 - Crear Nota de Texto\"",
                  "fullTitle": "Suite Completa de Pruebas - Blog web de Notas HU02 - Crear Nota de Texto \"after each\" hook in \"HU02 - Crear Nota de Texto\"",
                  "timedOut": false,
                  "duration": 11,
                  "state": null,
                  "speed": null,
                  "pass": false,
                  "fail": false,
                  "pending": false,
                  "context": null,
                  "code": "await driver.executeScript(\"localStorage.clear()\");",
                  "err": {},
                  "uuid": "1f949852-5d9c-4a9e-a63a-f05452d187e9",
                  "parentUUID": "e758388c-8e52-4c8f-ad2f-f49d0ee1c83e",
                  "isHook": true,
                  "skipped": false
                }
              ],
              "tests": [
                {
                  "title": "Debe crear una nota de texto correctamente",
                  "fullTitle": "Suite Completa de Pruebas - Blog web de Notas HU02 - Crear Nota de Texto Debe crear una nota de texto correctamente",
                  "timedOut": false,
                  "duration": 605,
                  "state": "passed",
                  "speed": "slow",
                  "pass": true,
                  "fail": false,
                  "pending": false,
                  "context": null,
                  "code": "await driver.findElement(By.id(\"noteContent\")).sendKeys(\"Primera nota de prueba\");\nawait driver.findElement(By.id(\"saveBtnText\")).click();\n\nconst count = await driver.findElement(By.id(\"notesCount\")).getText();\nassert.equal(parseInt(count), 1);\n\nconst noteText = await driver.findElement(By.css(\".note-text\")).getText();\nassert.equal(noteText, \"Primera nota de prueba\");",
                  "err": {},
                  "uuid": "2076b172-13fc-45ca-8e12-3c047e476b6f",
                  "parentUUID": "e758388c-8e52-4c8f-ad2f-f49d0ee1c83e",
                  "isHook": false,
                  "skipped": false
                },
                {
                  "title": "Debe mostrar alerta si la nota está vacía",
                  "fullTitle": "Suite Completa de Pruebas - Blog web de Notas HU02 - Crear Nota de Texto Debe mostrar alerta si la nota está vacía",
                  "timedOut": false,
                  "duration": 164,
                  "state": "passed",
                  "speed": "slow",
                  "pass": true,
                  "fail": false,
                  "pending": false,
                  "context": null,
                  "code": "await driver.findElement(By.id(\"saveBtnText\")).click();\n\nconst alert = await driver.switchTo().alert();\nconst msg = await alert.getText();\nawait alert.accept();\n\nassert.equal(msg, \"La nota está vacía\");",
                  "err": {},
                  "uuid": "ee57793f-0bf0-424a-8a36-560598d601ba",
                  "parentUUID": "e758388c-8e52-4c8f-ad2f-f49d0ee1c83e",
                  "isHook": false,
                  "skipped": false
                },
                {
                  "title": "Debe permitir crear nota con texto muy largo",
                  "fullTitle": "Suite Completa de Pruebas - Blog web de Notas HU02 - Crear Nota de Texto Debe permitir crear nota con texto muy largo",
                  "timedOut": false,
                  "duration": 14530,
                  "state": "passed",
                  "speed": "slow",
                  "pass": true,
                  "fail": false,
                  "pending": false,
                  "context": null,
                  "code": "const largeText = \"Bla, Bla, Bla, \".repeat(200);\nawait driver.findElement(By.id(\"noteContent\")).sendKeys(largeText);\nawait driver.findElement(By.id(\"saveBtnText\")).click();\n\nconst count = await driver.findElement(By.id(\"notesCount\")).getText();\nassert.ok(parseInt(count) >= 1);",
                  "err": {},
                  "uuid": "bc133d11-068d-4e50-9b85-6d79dcaeeba6",
                  "parentUUID": "e758388c-8e52-4c8f-ad2f-f49d0ee1c83e",
                  "isHook": false,
                  "skipped": false
                }
              ],
              "suites": [],
              "passes": [
                "2076b172-13fc-45ca-8e12-3c047e476b6f",
                "ee57793f-0bf0-424a-8a36-560598d601ba",
                "bc133d11-068d-4e50-9b85-6d79dcaeeba6"
              ],
              "failures": [],
              "pending": [],
              "skipped": [],
              "duration": 15299,
              "root": false,
              "rootEmpty": false,
              "_timeout": 60000
            },
            {
              "uuid": "975f16de-8a69-46aa-a3df-7b604b3f5b1a",
              "title": "HU03 - Crear Nota de Lista",
              "fullFile": "C:\\Users\\nicol\\OneDrive\\Documentos\\GitHub\\Tarea-04_P03\\pruebas\\PruevAuto-Final.test.js",
              "file": "\\pruebas\\PruevAuto-Final.test.js",
              "beforeHooks": [
                {
                  "title": "\"before each\" hook in \"HU03 - Crear Nota de Lista\"",
                  "fullTitle": "Suite Completa de Pruebas - Blog web de Notas HU03 - Crear Nota de Lista \"before each\" hook in \"HU03 - Crear Nota de Lista\"",
                  "timedOut": false,
                  "duration": 890,
                  "state": null,
                  "speed": null,
                  "pass": false,
                  "fail": false,
                  "pending": false,
                  "context": null,
                  "code": "await driver.get(loginUrl);\nawait driver.findElement(By.id(\"username\")).sendKeys(\"admin\");\nawait driver.findElement(By.id(\"password\")).sendKeys(\"1234\");\nawait driver.findElement(By.css(\"button\")).click();\nawait driver.wait(until.urlContains(\"index.html\"), 5000);",
                  "err": {},
                  "uuid": "58db7d98-c448-4c5e-88e6-c40730a7423b",
                  "parentUUID": "975f16de-8a69-46aa-a3df-7b604b3f5b1a",
                  "isHook": true,
                  "skipped": false
                }
              ],
              "afterHooks": [
                {
                  "title": "\"after each\" hook in \"HU03 - Crear Nota de Lista\"",
                  "fullTitle": "Suite Completa de Pruebas - Blog web de Notas HU03 - Crear Nota de Lista \"after each\" hook in \"HU03 - Crear Nota de Lista\"",
                  "timedOut": false,
                  "duration": 13,
                  "state": null,
                  "speed": null,
                  "pass": false,
                  "fail": false,
                  "pending": false,
                  "context": null,
                  "code": "await driver.executeScript(\"localStorage.clear()\");",
                  "err": {},
                  "uuid": "198dc25c-9465-4c6d-80d0-fc4643ea08aa",
                  "parentUUID": "975f16de-8a69-46aa-a3df-7b604b3f5b1a",
                  "isHook": true,
                  "skipped": false
                }
              ],
              "tests": [
                {
                  "title": "Debe crear una lista con tareas correctamente",
                  "fullTitle": "Suite Completa de Pruebas - Blog web de Notas HU03 - Crear Nota de Lista Debe crear una lista con tareas correctamente",
                  "timedOut": false,
                  "duration": 648,
                  "state": "passed",
                  "speed": "slow",
                  "pass": true,
                  "fail": false,
                  "pending": false,
                  "context": null,
                  "code": "await driver.findElement(By.id(\"listTypeBtn\")).click();\nawait driver.wait(until.elementLocated(By.css(\".list-item-input\")), 3000);\n\nconst input = await driver.findElement(By.css(\".list-item-input\"));\nawait input.sendKeys(\"Comprar leche\");\nawait driver.findElement(By.id(\"saveBtnText\")).click();\n\nconst count = await driver.findElement(By.id(\"notesCount\")).getText();\nassert.equal(parseInt(count), 1);",
                  "err": {},
                  "uuid": "9d493c70-7e6b-44fd-b5e0-5fc59748a14d",
                  "parentUUID": "975f16de-8a69-46aa-a3df-7b604b3f5b1a",
                  "isHook": false,
                  "skipped": false
                },
                {
                  "title": "Debe mostrar alerta si la lista está vacía",
                  "fullTitle": "Suite Completa de Pruebas - Blog web de Notas HU03 - Crear Nota de Lista Debe mostrar alerta si la lista está vacía",
                  "timedOut": false,
                  "duration": 350,
                  "state": "passed",
                  "speed": "slow",
                  "pass": true,
                  "fail": false,
                  "pending": false,
                  "context": null,
                  "code": "await driver.findElement(By.id(\"listTypeBtn\")).click();\nawait driver.findElement(By.id(\"saveBtnText\")).click();\n\nconst alert = await driver.switchTo().alert();\nconst msg = await alert.getText();\nawait alert.accept();\n\nassert.equal(msg, \"Agrega al menos un elemento a la lista\");",
                  "err": {},
                  "uuid": "07cfbb7b-ff9f-419b-a861-15ba58d97a04",
                  "parentUUID": "975f16de-8a69-46aa-a3df-7b604b3f5b1a",
                  "isHook": false,
                  "skipped": false
                },
                {
                  "title": "Debe permitir crear lista con múltiples tareas",
                  "fullTitle": "Suite Completa de Pruebas - Blog web de Notas HU03 - Crear Nota de Lista Debe permitir crear lista con múltiples tareas",
                  "timedOut": false,
                  "duration": 1633,
                  "state": "passed",
                  "speed": "slow",
                  "pass": true,
                  "fail": false,
                  "pending": false,
                  "context": null,
                  "code": "await driver.findElement(By.id(\"listTypeBtn\")).click();\n\nfor (let i = 1; i <= 5; i++) {\n    const inputs = await driver.findElements(By.css(\".list-item-input\"));\n    await inputs[inputs.length - 1].sendKeys(`Tarea ${i}`);\n    if (i < 5) {\n        await driver.findElement(By.css(\".add-item-btn\")).click();\n    }\n}\n\nawait driver.findElement(By.id(\"saveBtnText\")).click();\n\nconst count = await driver.findElement(By.id(\"notesCount\")).getText();\nassert.ok(parseInt(count) >= 1);",
                  "err": {},
                  "uuid": "ab5e0ef6-f2ff-4209-a9ae-09977e8e63ae",
                  "parentUUID": "975f16de-8a69-46aa-a3df-7b604b3f5b1a",
                  "isHook": false,
                  "skipped": false
                }
              ],
              "suites": [],
              "passes": [
                "9d493c70-7e6b-44fd-b5e0-5fc59748a14d",
                "07cfbb7b-ff9f-419b-a861-15ba58d97a04",
                "ab5e0ef6-f2ff-4209-a9ae-09977e8e63ae"
              ],
              "failures": [],
              "pending": [],
              "skipped": [],
              "duration": 2631,
              "root": false,
              "rootEmpty": false,
              "_timeout": 60000
            },
            {
              "uuid": "eba4c7ef-a4a3-4b9a-a57b-c24fb19440f9",
              "title": "HU04 - Editar Notas",
              "fullFile": "C:\\Users\\nicol\\OneDrive\\Documentos\\GitHub\\Tarea-04_P03\\pruebas\\PruevAuto-Final.test.js",
              "file": "\\pruebas\\PruevAuto-Final.test.js",
              "beforeHooks": [
                {
                  "title": "\"before each\" hook in \"HU04 - Editar Notas\"",
                  "fullTitle": "Suite Completa de Pruebas - Blog web de Notas HU04 - Editar Notas \"before each\" hook in \"HU04 - Editar Notas\"",
                  "timedOut": false,
                  "duration": 1585,
                  "state": null,
                  "speed": null,
                  "pass": false,
                  "fail": false,
                  "pending": false,
                  "context": null,
                  "code": "await driver.get(loginUrl);\nawait driver.findElement(By.id(\"username\")).sendKeys(\"admin\");\nawait driver.findElement(By.id(\"password\")).sendKeys(\"1234\");\nawait driver.findElement(By.css(\"button\")).click();\nawait driver.wait(until.urlContains(\"index.html\"), 5000);\n\nawait driver.findElement(By.id(\"noteContent\")).sendKeys(\"Nota original\");\nawait driver.findElement(By.id(\"saveBtnText\")).click();\nawait driver.sleep(500);",
                  "err": {},
                  "uuid": "5cbe2c49-9232-4f4b-9a18-d4c81acc9a8d",
                  "parentUUID": "eba4c7ef-a4a3-4b9a-a57b-c24fb19440f9",
                  "isHook": true,
                  "skipped": false
                }
              ],
              "afterHooks": [
                {
                  "title": "\"after each\" hook in \"HU04 - Editar Notas\"",
                  "fullTitle": "Suite Completa de Pruebas - Blog web de Notas HU04 - Editar Notas \"after each\" hook in \"HU04 - Editar Notas\"",
                  "timedOut": false,
                  "duration": 7,
                  "state": null,
                  "speed": null,
                  "pass": false,
                  "fail": false,
                  "pending": false,
                  "context": null,
                  "code": "await driver.executeScript(\"localStorage.clear()\");",
                  "err": {},
                  "uuid": "6f5a0173-940b-4b84-a9db-8989b6440688",
                  "parentUUID": "eba4c7ef-a4a3-4b9a-a57b-c24fb19440f9",
                  "isHook": true,
                  "skipped": false
                }
              ],
              "tests": [
                {
                  "title": "Debe editar una nota correctamente",
                  "fullTitle": "Suite Completa de Pruebas - Blog web de Notas HU04 - Editar Notas Debe editar una nota correctamente",
                  "timedOut": false,
                  "duration": 1112,
                  "state": "passed",
                  "speed": "slow",
                  "pass": true,
                  "fail": false,
                  "pending": false,
                  "context": null,
                  "code": "await driver.findElement(By.css(\".edit-btn\")).click();\n\nconst input = await driver.findElement(By.id(\"noteContent\"));\nawait input.clear();\nawait input.sendKeys(\"Nota editada exitosamente\");\nawait driver.findElement(By.id(\"saveBtnText\")).click();\n\nawait driver.sleep(500);\nconst noteText = await driver.findElement(By.css(\".note-text\")).getText();\nassert.equal(noteText, \"Nota editada exitosamente\");",
                  "err": {},
                  "uuid": "6a591f68-9733-4dfe-b1fb-84c46eb138bb",
                  "parentUUID": "eba4c7ef-a4a3-4b9a-a57b-c24fb19440f9",
                  "isHook": false,
                  "skipped": false
                },
                {
                  "title": "Debe impedir guardar una nota vacía al editar",
                  "fullTitle": "Suite Completa de Pruebas - Blog web de Notas HU04 - Editar Notas Debe impedir guardar una nota vacía al editar",
                  "timedOut": false,
                  "duration": 328,
                  "state": "passed",
                  "speed": "slow",
                  "pass": true,
                  "fail": false,
                  "pending": false,
                  "context": null,
                  "code": "await driver.findElement(By.css(\".edit-btn\")).click();\n\nconst input = await driver.findElement(By.id(\"noteContent\"));\nawait input.clear();\nawait driver.findElement(By.id(\"saveBtnText\")).click();\n\nconst alert = await driver.switchTo().alert();\nconst msg = await alert.getText();\nawait alert.accept();\n\nassert.equal(msg, \"La nota está vacía\");",
                  "err": {},
                  "uuid": "977481ec-dc95-4c1c-a513-3f84fb20b16f",
                  "parentUUID": "eba4c7ef-a4a3-4b9a-a57b-c24fb19440f9",
                  "isHook": false,
                  "skipped": false
                },
                {
                  "title": "Debe cambiar el texto del botón al editar",
                  "fullTitle": "Suite Completa de Pruebas - Blog web de Notas HU04 - Editar Notas Debe cambiar el texto del botón al editar",
                  "timedOut": false,
                  "duration": 130,
                  "state": "passed",
                  "speed": "slow",
                  "pass": true,
                  "fail": false,
                  "pending": false,
                  "context": null,
                  "code": "await driver.findElement(By.css(\".edit-btn\")).click();\n\nconst btnText = await driver.findElement(By.id(\"saveBtnText\")).getText();\nassert.equal(btnText, \"Actualizar Nota\");",
                  "err": {},
                  "uuid": "077c9317-3024-4f04-85b3-1c66e661b6ff",
                  "parentUUID": "eba4c7ef-a4a3-4b9a-a57b-c24fb19440f9",
                  "isHook": false,
                  "skipped": false
                }
              ],
              "suites": [],
              "passes": [
                "6a591f68-9733-4dfe-b1fb-84c46eb138bb",
                "977481ec-dc95-4c1c-a513-3f84fb20b16f",
                "077c9317-3024-4f04-85b3-1c66e661b6ff"
              ],
              "failures": [],
              "pending": [],
              "skipped": [],
              "duration": 1570,
              "root": false,
              "rootEmpty": false,
              "_timeout": 60000
            },
            {
              "uuid": "f5bec20a-6e0b-4097-9057-fa51296c4ef2",
              "title": "HU05 - Eliminar Notas",
              "fullFile": "C:\\Users\\nicol\\OneDrive\\Documentos\\GitHub\\Tarea-04_P03\\pruebas\\PruevAuto-Final.test.js",
              "file": "\\pruebas\\PruevAuto-Final.test.js",
              "beforeHooks": [
                {
                  "title": "\"before each\" hook in \"HU05 - Eliminar Notas\"",
                  "fullTitle": "Suite Completa de Pruebas - Blog web de Notas HU05 - Eliminar Notas \"before each\" hook in \"HU05 - Eliminar Notas\"",
                  "timedOut": false,
                  "duration": 1573,
                  "state": null,
                  "speed": null,
                  "pass": false,
                  "fail": false,
                  "pending": false,
                  "context": null,
                  "code": "await driver.get(loginUrl);\nawait driver.findElement(By.id(\"username\")).sendKeys(\"admin\");\nawait driver.findElement(By.id(\"password\")).sendKeys(\"1234\");\nawait driver.findElement(By.css(\"button\")).click();\nawait driver.wait(until.urlContains(\"index.html\"), 5000);\n\nawait driver.findElement(By.id(\"noteContent\")).sendKeys(\"Nota para eliminar\");\nawait driver.findElement(By.id(\"saveBtnText\")).click();\nawait driver.sleep(500);",
                  "err": {},
                  "uuid": "d0943e9e-63fd-460e-bb11-26341cad6148",
                  "parentUUID": "f5bec20a-6e0b-4097-9057-fa51296c4ef2",
                  "isHook": true,
                  "skipped": false
                }
              ],
              "afterHooks": [
                {
                  "title": "\"after each\" hook in \"HU05 - Eliminar Notas\"",
                  "fullTitle": "Suite Completa de Pruebas - Blog web de Notas HU05 - Eliminar Notas \"after each\" hook in \"HU05 - Eliminar Notas\"",
                  "timedOut": false,
                  "duration": 10,
                  "state": null,
                  "speed": null,
                  "pass": false,
                  "fail": false,
                  "pending": false,
                  "context": null,
                  "code": "await driver.executeScript(\"localStorage.clear()\");",
                  "err": {},
                  "uuid": "25474210-91b6-49ef-a5b5-6264fb6f674c",
                  "parentUUID": "f5bec20a-6e0b-4097-9057-fa51296c4ef2",
                  "isHook": true,
                  "skipped": false
                }
              ],
              "tests": [
                {
                  "title": "Debe eliminar una nota correctamente",
                  "fullTitle": "Suite Completa de Pruebas - Blog web de Notas HU05 - Eliminar Notas Debe eliminar una nota correctamente",
                  "timedOut": false,
                  "duration": 183,
                  "state": "passed",
                  "speed": "slow",
                  "pass": true,
                  "fail": false,
                  "pending": false,
                  "context": null,
                  "code": "await driver.findElement(By.css(\".delete-btn\")).click();\n\nconst alert = await driver.switchTo().alert();\nawait alert.accept();\n\nconst count = await driver.findElement(By.id(\"notesCount\")).getText();\nassert.equal(parseInt(count), 0);",
                  "err": {},
                  "uuid": "74f24a1b-0a0e-49e5-8d1d-219f3a7fdc98",
                  "parentUUID": "f5bec20a-6e0b-4097-9057-fa51296c4ef2",
                  "isHook": false,
                  "skipped": false
                },
                {
                  "title": "No debe eliminar la nota si se cancela",
                  "fullTitle": "Suite Completa de Pruebas - Blog web de Notas HU05 - Eliminar Notas No debe eliminar la nota si se cancela",
                  "timedOut": false,
                  "duration": 146,
                  "state": "passed",
                  "speed": "slow",
                  "pass": true,
                  "fail": false,
                  "pending": false,
                  "context": null,
                  "code": "await driver.findElement(By.css(\".delete-btn\")).click();\n\nconst alert = await driver.switchTo().alert();\nawait alert.dismiss();\n\nconst count = await driver.findElement(By.id(\"notesCount\")).getText();\nassert.equal(parseInt(count), 1);",
                  "err": {},
                  "uuid": "eddd0346-c3a7-4d18-9d91-2350a5cda855",
                  "parentUUID": "f5bec20a-6e0b-4097-9057-fa51296c4ef2",
                  "isHook": false,
                  "skipped": false
                },
                {
                  "title": "Debe eliminar múltiples notas correctamente",
                  "fullTitle": "Suite Completa de Pruebas - Blog web de Notas HU05 - Eliminar Notas Debe eliminar múltiples notas correctamente",
                  "timedOut": false,
                  "duration": 1512,
                  "state": "failed",
                  "speed": null,
                  "pass": false,
                  "fail": true,
                  "pending": false,
                  "context": null,
                  "code": "for (let i = 2; i <= 3; i++) {\n    await driver.findElement(By.id(\"noteContent\")).sendKeys(`Nota ${i}`);\n    await driver.findElement(By.id(\"saveBtnText\")).click();\n    await driver.sleep(300);\n}\n\nlet deleteButtons = await driver.findElements(By.css(\".delete-btn\"));\nfor (const btn of deleteButtons) {\n    await btn.click();\n    const alert = await driver.switchTo().alert();\n    await alert.accept();\n    await driver.sleep(300);\n}\n\nconst count = await driver.findElement(By.id(\"notesCount\")).getText();\nassert.equal(parseInt(count), 0);",
                  "err": {
                    "message": "StaleElementReferenceError: stale element reference: stale element not found in the current frame\n  (Session info: chrome=142.0.7444.176)",
                    "estack": "StaleElementReferenceError: stale element reference: stale element not found in the current frame\n  (Session info: chrome=142.0.7444.176)\n    at Object.throwDecodedError (node_modules\\selenium-webdriver\\lib\\error.js:523:15)\n    at parseHttpResponse (node_modules\\selenium-webdriver\\lib\\http.js:524:13)\n    at Executor.execute (node_modules\\selenium-webdriver\\lib\\http.js:456:28)\n    at process.processTicksAndRejections (node:internal/process/task_queues:105:5)\n    at async Driver.execute (node_modules\\selenium-webdriver\\lib\\webdriver.js:745:17)\n    at async Context.<anonymous> (pruebas\\PruevAuto-Final.test.js:271:17)",
                    "diff": null
                  },
                  "uuid": "8e1663b6-d424-4701-a5b8-52b2220742e2",
                  "parentUUID": "f5bec20a-6e0b-4097-9057-fa51296c4ef2",
                  "isHook": false,
                  "skipped": false
                }
              ],
              "suites": [],
              "passes": [
                "74f24a1b-0a0e-49e5-8d1d-219f3a7fdc98",
                "eddd0346-c3a7-4d18-9d91-2350a5cda855"
              ],
              "failures": [
                "8e1663b6-d424-4701-a5b8-52b2220742e2"
              ],
              "pending": [],
              "skipped": [],
              "duration": 1841,
              "root": false,
              "rootEmpty": false,
              "_timeout": 60000
            },
            {
              "uuid": "94991cdc-9997-4c03-973e-5628435f79b2",
              "title": "HU06 - Marcar Tareas Completadas",
              "fullFile": "C:\\Users\\nicol\\OneDrive\\Documentos\\GitHub\\Tarea-04_P03\\pruebas\\PruevAuto-Final.test.js",
              "file": "\\pruebas\\PruevAuto-Final.test.js",
              "beforeHooks": [
                {
                  "title": "\"before each\" hook in \"HU06 - Marcar Tareas Completadas\"",
                  "fullTitle": "Suite Completa de Pruebas - Blog web de Notas HU06 - Marcar Tareas Completadas \"before each\" hook in \"HU06 - Marcar Tareas Completadas\"",
                  "timedOut": false,
                  "duration": 1518,
                  "state": null,
                  "speed": null,
                  "pass": false,
                  "fail": false,
                  "pending": false,
                  "context": null,
                  "code": "await driver.get(loginUrl);\nawait driver.findElement(By.id(\"username\")).sendKeys(\"admin\");\nawait driver.findElement(By.id(\"password\")).sendKeys(\"1234\");\nawait driver.findElement(By.css(\"button\")).click();\nawait driver.wait(until.urlContains(\"index.html\"), 5000);\n\n// Crear una lista\nawait driver.findElement(By.id(\"listTypeBtn\")).click();\nconst input = await driver.findElement(By.css(\".list-item-input\"));\nawait input.sendKeys(\"Tarea de prueba\");\nawait driver.findElement(By.id(\"saveBtnText\")).click();\nawait driver.sleep(500);",
                  "err": {},
                  "uuid": "653819f7-63e2-4fd0-8591-f867ced4b142",
                  "parentUUID": "94991cdc-9997-4c03-973e-5628435f79b2",
                  "isHook": true,
                  "skipped": false
                }
              ],
              "afterHooks": [
                {
                  "title": "\"after each\" hook in \"HU06 - Marcar Tareas Completadas\"",
                  "fullTitle": "Suite Completa de Pruebas - Blog web de Notas HU06 - Marcar Tareas Completadas \"after each\" hook in \"HU06 - Marcar Tareas Completadas\"",
                  "timedOut": false,
                  "duration": 14,
                  "state": null,
                  "speed": null,
                  "pass": false,
                  "fail": false,
                  "pending": false,
                  "context": null,
                  "code": "await driver.executeScript(\"localStorage.clear()\");",
                  "err": {},
                  "uuid": "1f5e3376-0e12-4266-8873-42e628e53500",
                  "parentUUID": "94991cdc-9997-4c03-973e-5628435f79b2",
                  "isHook": true,
                  "skipped": false
                }
              ],
              "tests": [
                {
                  "title": "Debe marcar una tarea como completada",
                  "fullTitle": "Suite Completa de Pruebas - Blog web de Notas HU06 - Marcar Tareas Completadas Debe marcar una tarea como completada",
                  "timedOut": false,
                  "duration": 434,
                  "state": "failed",
                  "speed": null,
                  "pass": false,
                  "fail": true,
                  "pending": false,
                  "context": null,
                  "code": "const checkbox = await driver.findElement(By.css(\".checkbox\"));\nawait checkbox.click();\nawait driver.sleep(300);\n\nconst isChecked = await checkbox.getAttribute(\"class\");\nassert.ok(isChecked.includes(\"checked\"));",
                  "err": {
                    "message": "StaleElementReferenceError: stale element reference: stale element not found in the current frame\n  (Session info: chrome=142.0.7444.176)",
                    "estack": "StaleElementReferenceError: stale element reference: stale element not found in the current frame\n  (Session info: chrome=142.0.7444.176)\n    at Object.throwDecodedError (node_modules\\selenium-webdriver\\lib\\error.js:523:15)\n    at parseHttpResponse (node_modules\\selenium-webdriver\\lib\\http.js:524:13)\n    at Executor.execute (node_modules\\selenium-webdriver\\lib\\http.js:456:28)\n    at process.processTicksAndRejections (node:internal/process/task_queues:105:5)\n    at async Driver.execute (node_modules\\selenium-webdriver\\lib\\webdriver.js:745:17)\n    at async Context.<anonymous> (pruebas\\PruevAuto-Final.test.js:308:31)",
                    "diff": null
                  },
                  "uuid": "4e613aeb-13b4-4c76-99aa-ae505f73b1da",
                  "parentUUID": "94991cdc-9997-4c03-973e-5628435f79b2",
                  "isHook": false,
                  "skipped": false
                },
                {
                  "title": "Debe desmarcar una tarea completada",
                  "fullTitle": "Suite Completa de Pruebas - Blog web de Notas HU06 - Marcar Tareas Completadas Debe desmarcar una tarea completada",
                  "timedOut": false,
                  "duration": 431,
                  "state": "failed",
                  "speed": null,
                  "pass": false,
                  "fail": true,
                  "pending": false,
                  "context": null,
                  "code": "const checkbox = await driver.findElement(By.css(\".checkbox\"));\n\nawait checkbox.click();\nawait driver.sleep(300);\n\nawait checkbox.click();\nawait driver.sleep(300);\n\nconst isChecked = await checkbox.getAttribute(\"class\");\nassert.ok(!isChecked.includes(\"checked\") || isChecked === \"checkbox\");",
                  "err": {
                    "message": "StaleElementReferenceError: stale element reference: stale element not found in the current frame\n  (Session info: chrome=142.0.7444.176)",
                    "estack": "StaleElementReferenceError: stale element reference: stale element not found in the current frame\n  (Session info: chrome=142.0.7444.176)\n    at Object.throwDecodedError (node_modules\\selenium-webdriver\\lib\\error.js:523:15)\n    at parseHttpResponse (node_modules\\selenium-webdriver\\lib\\http.js:524:13)\n    at Executor.execute (node_modules\\selenium-webdriver\\lib\\http.js:456:28)\n    at process.processTicksAndRejections (node:internal/process/task_queues:105:5)\n    at async Driver.execute (node_modules\\selenium-webdriver\\lib\\webdriver.js:745:17)\n    at async Context.<anonymous> (pruebas\\PruevAuto-Final.test.js:318:13)",
                    "diff": null
                  },
                  "uuid": "9f5d5d30-0cc8-45e0-b5bd-bf8667a4b0f3",
                  "parentUUID": "94991cdc-9997-4c03-973e-5628435f79b2",
                  "isHook": false,
                  "skipped": false
                }
              ],
              "suites": [],
              "passes": [],
              "failures": [
                "4e613aeb-13b4-4c76-99aa-ae505f73b1da",
                "9f5d5d30-0cc8-45e0-b5bd-bf8667a4b0f3"
              ],
              "pending": [],
              "skipped": [],
              "duration": 865,
              "root": false,
              "rootEmpty": false,
              "_timeout": 60000
            },
            {
              "uuid": "6644ca21-8fac-442b-b92c-fa45ef169322",
              "title": "Flujo Completo E2E",
              "fullFile": "C:\\Users\\nicol\\OneDrive\\Documentos\\GitHub\\Tarea-04_P03\\pruebas\\PruevAuto-Final.test.js",
              "file": "\\pruebas\\PruevAuto-Final.test.js",
              "beforeHooks": [
                {
                  "title": "\"before each\" hook in \"Flujo Completo E2E\"",
                  "fullTitle": "Suite Completa de Pruebas - Blog web de Notas Flujo Completo E2E \"before each\" hook in \"Flujo Completo E2E\"",
                  "timedOut": false,
                  "duration": 14,
                  "state": null,
                  "speed": null,
                  "pass": false,
                  "fail": false,
                  "pending": false,
                  "context": null,
                  "code": "await driver.executeScript(\"localStorage.clear()\");",
                  "err": {},
                  "uuid": "d440012c-e8d6-4534-a977-9b4d829a7b83",
                  "parentUUID": "6644ca21-8fac-442b-b92c-fa45ef169322",
                  "isHook": true,
                  "skipped": false
                }
              ],
              "afterHooks": [],
              "tests": [
                {
                  "title": "Debe ejecutar un flujo completo de usuario",
                  "fullTitle": "Suite Completa de Pruebas - Blog web de Notas Flujo Completo E2E Debe ejecutar un flujo completo de usuario",
                  "timedOut": false,
                  "duration": 4915,
                  "state": "passed",
                  "speed": "slow",
                  "pass": true,
                  "fail": false,
                  "pending": false,
                  "context": null,
                  "code": "await driver.get(loginUrl);\n            await driver.findElement(By.id(\"username\")).sendKeys(\"admin\");\n            await driver.findElement(By.id(\"password\")).sendKeys(\"1234\");\n            await driver.findElement(By.css(\"button\")).click();\n            await driver.wait(until.urlContains(\"index.html\"), 5000);\n            \n            await driver.findElement(By.id(\"noteContent\")).sendKeys(\"Primera nota\");\n            await driver.findElement(By.id(\"saveBtnText\")).click();\n            await driver.sleep(500);\n            \n            await driver.findElement(By.id(\"listTypeBtn\")).click();\n            const input = await driver.findElement(By.css(\".list-item-input\"));\n            await input.sendKeys(\"Comprar pan\");\n            await driver.findElement(By.id(\"saveBtnText\")).click();\n            await driver.sleep(500);\n            \n            let count = await driver.findElement(By.id(\"notesCount\")).getText();\n            assert.equal(parseInt(count), 2);\n            \n            const editButtons = await driver.findElements(By.css(\".edit-btn\"));\n            await editButtons[1].click();\n            const noteContent = await driver.findElement(By.id(\"noteContent\"));\n            await noteContent.clear();\n            await noteContent.sendKeys(\"Nota editada en flujo completo\");\n            await driver.findElement(By.id(\"saveBtnText\")).click();\n            await driver.sleep(500);\n            \n            const checkbox = await driver.findElement(By.css(\".checkbox\"));\n            await checkbox.click();\n            await driver.sleep(300);\n            \n            const deleteButtons = await driver.findElements(By.css(\".delete-btn\"));\n            await deleteButtons[0].click();\n            const alert = await driver.switchTo().alert();\n            await alert.accept();\n            await driver.sleep(500);\n            \n            count = await driver.findElement(By.id(\"notesCount\")).getText();\n            assert.equal(parseInt(count), 1);\n            \n            console.log(\"✓ Flujo completo ejecutado exitosamente\");",
                  "err": {},
                  "uuid": "e4ed31e1-c321-44fa-9ad5-fae74400ff96",
                  "parentUUID": "6644ca21-8fac-442b-b92c-fa45ef169322",
                  "isHook": false,
                  "skipped": false
                }
              ],
              "suites": [],
              "passes": [
                "e4ed31e1-c321-44fa-9ad5-fae74400ff96"
              ],
              "failures": [],
              "pending": [],
              "skipped": [],
              "duration": 4915,
              "root": false,
              "rootEmpty": false,
              "_timeout": 60000
            }
          ],
          "passes": [],
          "failures": [],
          "pending": [],
          "skipped": [],
          "duration": 0,
          "root": false,
          "rootEmpty": false,
          "_timeout": 60000
        }
      ],
      "passes": [],
      "failures": [],
      "pending": [],
      "skipped": [],
      "duration": 0,
      "root": true,
      "rootEmpty": true,
      "_timeout": 30000
    }
  ],
  "meta": {
    "mocha": {
      "version": "11.7.5"
    },
    "mochawesome": {
      "options": {
        "quiet": false,
        "reportFilename": "mochawesome",
        "saveHtml": true,
        "saveJson": true,
        "consoleReporter": "spec",
        "useInlineDiffs": false,
        "code": true
      },
      "version": "7.1.4"
    },
    "marge": {
      "options": null,
      "version": "6.3.2"
    }
  }
}